#
# There is insufficient memory for the Java Runtime Environment to continue.
# Native memory allocation (malloc) failed to allocate 2062912 bytes for Chunk::new
# Possible reasons:
#   The system is out of physical RAM or swap space
#   The process is running with CompressedOops enabled, and the Java Heap may be blocking the growth of the native heap
# Possible solutions:
#   Reduce memory load on the system
#   Increase physical memory or swap space
#   Check if swap backing store is full
#   Decrease Java heap size (-Xmx/-Xms)
#   Decrease number of Java threads
#   Decrease Java thread stack sizes (-Xss)
#   Set larger code cache with -XX:ReservedCodeCacheSize=
#   JVM is running with Unscaled Compressed Oops mode in which the Java heap is
#     placed in the first 4GB address space. The Java Heap base address is the
#     maximum limit for the native heap growth. Please use -XX:HeapBaseMinAddress
#     to set the Java Heap base and to place the Java Heap above 4GB virtual address.
# This output file may be truncated or incomplete.
#
#  Out of Memory Error (arena.cpp:189), pid=3988, tid=6648
#
# JRE version: OpenJDK Runtime Environment (17.0.6) (build 17.0.6+0-b2043.56-9586694)
# Java VM: OpenJDK 64-Bit Server VM (17.0.6+0-b2043.56-9586694, mixed mode, tiered, compressed oops, compressed class ptrs, g1 gc, windows-amd64)
# No core dump will be written. Minidumps are not enabled by default on client versions of Windows
#

---------------  S U M M A R Y ------------

Command Line: -XX:MaxMetaspaceSize=512m --add-opens=java.base/java.util=ALL-UNNAMED --add-opens=java.base/java.lang=ALL-UNNAMED --add-opens=java.base/java.lang.invoke=ALL-UNNAMED --add-opens=java.base/java.util=ALL-UNNAMED --add-opens=java.prefs/java.util.prefs=ALL-UNNAMED --add-opens=java.prefs/java.util.prefs=ALL-UNNAMED --add-opens=java.base/java.nio.charset=ALL-UNNAMED --add-opens=java.base/java.net=ALL-UNNAMED --add-opens=java.base/java.util.concurrent.atomic=ALL-UNNAMED -Xmx2048m -Dfile.encoding=windows-1252 -Duser.country=MX -Duser.language=es -Duser.variant org.gradle.launcher.daemon.bootstrap.GradleDaemon 7.5.1

Host: Intel(R) Celeron(R) N4020 CPU @ 1.10GHz, 2 cores, 3G,  Windows 10 , 64 bit Build 19041 (10.0.19041.1348)
Time: Wed Jun 21 15:16:56 2023 Hora de verano central (México) elapsed time: 89.118739 seconds (0d 0h 1m 29s)

---------------  T H R E A D  ---------------

Current thread (0x00000164c87ceb90):  JavaThread "C2 CompilerThread0" daemon [_thread_in_native, id=6648, stack(0x0000003f7bd00000,0x0000003f7be00000)]


Current CompileTask:
C2:  89118 8550       4       sun.reflect.generics.parser.SignatureParser::parsePackageNameAndSimpleClassTypeSignature (119 bytes)

Stack: [0x0000003f7bd00000,0x0000003f7be00000]
Native frames: (J=compiled Java code, j=interpreted, Vv=VM code, C=native code)
V  [jvm.dll+0x683b4a]
V  [jvm.dll+0x842654]
V  [jvm.dll+0x843dfe]
V  [jvm.dll+0x844463]
V  [jvm.dll+0x249b75]
V  [jvm.dll+0xabcac]
V  [jvm.dll+0xac27c]
V  [jvm.dll+0x368857]
V  [jvm.dll+0x332f31]
V  [jvm.dll+0x3323da]
V  [jvm.dll+0x21c201]
V  [jvm.dll+0x21b621]
V  [jvm.dll+0x1a4fdd]
V  [jvm.dll+0x22b098]
V  [jvm.dll+0x229159]
V  [jvm.dll+0x7f809c]
V  [jvm.dll+0x7f25fa]
V  [jvm.dll+0x682985]
C  [ucrtbase.dll+0x21bb2]
C  [KERNEL32.DLL+0x17034]
C  [ntdll.dll+0x52651]


---------------  P R O C E S S  ---------------

Threads class SMR info:
_java_thread_list=0x00000164cd87d140, length=66, elements={
0x00000164ad6c1f60, 0x00000164c875cc70, 0x00000164c875d9f0, 0x00000164c87cc560,
0x00000164c87cce20, 0x00000164c87cd6e0, 0x00000164c87cdfa0, 0x00000164c87ceb90,
0x00000164c87d1550, 0x00000164c87d7590, 0x00000164c929c520, 0x00000164c928b570,
0x00000164c9644670, 0x00000164cc02f9c0, 0x00000164cc472a80, 0x00000164ca8b34a0,
0x00000164ca8b3970, 0x00000164cbef7010, 0x00000164cbef74e0, 0x00000164c941b5b0,
0x00000164c9418f30, 0x00000164c941c8f0, 0x00000164c941c420, 0x00000164c941ba80,
0x00000164c9419400, 0x00000164c9419da0, 0x00000164c941a270, 0x00000164c941bf50,
0x00000164c941a740, 0x00000164c941ac10, 0x00000164c9bb2e90, 0x00000164c9bb1b50,
0x00000164c9bb29c0, 0x00000164c9bb0ce0, 0x00000164c9bb0810, 0x00000164c9baeb30,
0x00000164c9bb1680, 0x00000164c9bb24f0, 0x00000164c9bb2020, 0x00000164c9bb3830,
0x00000164c9bb4b70, 0x00000164c9bb41d0, 0x00000164c9bb46a0, 0x00000164c9bb0340,
0x00000164c9badcc0, 0x00000164c9bb5040, 0x00000164c9bad7f0, 0x00000164c9bae190,
0x00000164c9baf4d0, 0x00000164c9baf000, 0x00000164c9bafe70, 0x00000164cac79cb0,
0x00000164cac74610, 0x00000164cac77fd0, 0x00000164cac762f0, 0x00000164cac797e0,
0x00000164cac77630, 0x00000164cac7b990, 0x00000164cac75e20, 0x00000164cac7be60,
0x00000164cac74ae0, 0x00000164cac767c0, 0x00000164cac74fb0, 0x00000164cac75950,
0x00000164cac7a180, 0x00000164cac784a0
}

Java Threads: ( => current thread )
  0x00000164ad6c1f60 JavaThread "main" [_thread_blocked, id=2360, stack(0x0000003f7b000000,0x0000003f7b100000)]
  0x00000164c875cc70 JavaThread "Reference Handler" daemon [_thread_blocked, id=2880, stack(0x0000003f7b700000,0x0000003f7b800000)]
  0x00000164c875d9f0 JavaThread "Finalizer" daemon [_thread_blocked, id=4752, stack(0x0000003f7b800000,0x0000003f7b900000)]
  0x00000164c87cc560 JavaThread "Signal Dispatcher" daemon [_thread_blocked, id=5212, stack(0x0000003f7b900000,0x0000003f7ba00000)]
  0x00000164c87cce20 JavaThread "Attach Listener" daemon [_thread_blocked, id=9880, stack(0x0000003f7ba00000,0x0000003f7bb00000)]
  0x00000164c87cd6e0 JavaThread "Service Thread" daemon [_thread_blocked, id=7756, stack(0x0000003f7bb00000,0x0000003f7bc00000)]
  0x00000164c87cdfa0 JavaThread "Monitor Deflation Thread" daemon [_thread_blocked, id=1468, stack(0x0000003f7bc00000,0x0000003f7bd00000)]
=>0x00000164c87ceb90 JavaThread "C2 CompilerThread0" daemon [_thread_in_native, id=6648, stack(0x0000003f7bd00000,0x0000003f7be00000)]
  0x00000164c87d1550 JavaThread "C1 CompilerThread0" daemon [_thread_blocked, id=9904, stack(0x0000003f7be00000,0x0000003f7bf00000)]
  0x00000164c87d7590 JavaThread "Sweeper thread" daemon [_thread_blocked, id=1140, stack(0x0000003f7bf00000,0x0000003f7c000000)]
  0x00000164c929c520 JavaThread "Common-Cleaner" daemon [_thread_blocked, id=11196, stack(0x0000003f7c000000,0x0000003f7c100000)]
  0x00000164c928b570 JavaThread "Notification Thread" daemon [_thread_blocked, id=6308, stack(0x0000003f7c100000,0x0000003f7c200000)]
  0x00000164c9644670 JavaThread "Daemon health stats" [_thread_blocked, id=10276, stack(0x0000003f7c400000,0x0000003f7c500000)]
  0x00000164cc02f9c0 JavaThread "Incoming local TCP Connector on port 54291" [_thread_in_native, id=3492, stack(0x0000003f7c500000,0x0000003f7c600000)]
  0x00000164cc472a80 JavaThread "Daemon periodic checks" [_thread_blocked, id=1192, stack(0x0000003f7c600000,0x0000003f7c700000)]
  0x00000164ca8b34a0 JavaThread "Daemon" [_thread_blocked, id=8164, stack(0x0000003f7c700000,0x0000003f7c800000)]
  0x00000164ca8b3970 JavaThread "Handler for socket connection from /127.0.0.1:54291 to /127.0.0.1:54293" [_thread_in_native, id=8932, stack(0x0000003f7c800000,0x0000003f7c900000)]
  0x00000164cbef7010 JavaThread "Cancel handler" [_thread_blocked, id=10256, stack(0x0000003f7c900000,0x0000003f7ca00000)]
  0x00000164cbef74e0 JavaThread "Daemon worker" [_thread_in_Java, id=1460, stack(0x0000003f7ca00000,0x0000003f7cb00000)]
  0x00000164c941b5b0 JavaThread "Asynchronous log dispatcher for DefaultDaemonConnection: socket connection from /127.0.0.1:54291 to /127.0.0.1:54293" [_thread_blocked, id=5236, stack(0x0000003f7cb00000,0x0000003f7cc00000)]
  0x00000164c9418f30 JavaThread "Stdin handler" [_thread_blocked, id=11056, stack(0x0000003f7cc00000,0x0000003f7cd00000)]
  0x00000164c941c8f0 JavaThread "Daemon client event forwarder" [_thread_blocked, id=2396, stack(0x0000003f7cd00000,0x0000003f7ce00000)]
  0x00000164c941c420 JavaThread "Cache worker for journal cache (C:\Users\Luiss\.gradle\caches\journal-1)" [_thread_blocked, id=3372, stack(0x0000003f7ce00000,0x0000003f7cf00000)]
  0x00000164c941ba80 JavaThread "File lock request listener" [_thread_in_native, id=5864, stack(0x0000003f7cf00000,0x0000003f7d000000)]
  0x00000164c9419400 JavaThread "Cache worker for file hash cache (C:\Users\Luiss\.gradle\caches\7.5.1\fileHashes)" [_thread_blocked, id=10268, stack(0x0000003f7d000000,0x0000003f7d100000)]
  0x00000164c9419da0 JavaThread "File watcher server" daemon [_thread_in_native, id=7744, stack(0x0000003f7d100000,0x0000003f7d200000)]
  0x00000164c941a270 JavaThread "File watcher consumer" daemon [_thread_blocked, id=2020, stack(0x0000003f7d200000,0x0000003f7d300000)]
  0x00000164c941bf50 JavaThread "Cache worker for checksums cache (C:\Proyectos\AlcanciaAppRN\android\.gradle\7.5.1\checksums)" [_thread_blocked, id=4928, stack(0x0000003f7d300000,0x0000003f7d400000)]
  0x00000164c941a740 JavaThread "Cache worker for cache directory md-rule (C:\Users\Luiss\.gradle\caches\7.5.1\md-rule)" [_thread_blocked, id=8312, stack(0x0000003f7d400000,0x0000003f7d500000)]
  0x00000164c941ac10 JavaThread "Cache worker for file content cache (C:\Users\Luiss\.gradle\caches\7.5.1\fileContent)" [_thread_blocked, id=9388, stack(0x0000003f7d500000,0x0000003f7d600000)]
  0x00000164c9bb2e90 JavaThread "Cache worker for file hash cache (C:\Proyectos\AlcanciaAppRN\android\.gradle\7.5.1\fileHashes)" [_thread_blocked, id=236, stack(0x0000003f7d600000,0x0000003f7d700000)]
  0x00000164c9bb1b50 JavaThread "Cache worker for cache directory md-supplier (C:\Users\Luiss\.gradle\caches\7.5.1\md-supplier)" [_thread_blocked, id=8532, stack(0x0000003f7d700000,0x0000003f7d800000)]
  0x00000164c9bb29c0 JavaThread "File lock release action executor" [_thread_blocked, id=10320, stack(0x0000003f7d800000,0x0000003f7d900000)]
  0x00000164c9bb0ce0 JavaThread "Cache worker for execution history cache (C:\Users\Luiss\.gradle\caches\7.5.1\executionHistory)" [_thread_blocked, id=9084, stack(0x0000003f7d900000,0x0000003f7da00000)]
  0x00000164c9bb0810 JavaThread "jar transforms" [_thread_blocked, id=6876, stack(0x0000003f7db00000,0x0000003f7dc00000)]
  0x00000164c9baeb30 JavaThread "jar transforms Thread 2" [_thread_blocked, id=464, stack(0x0000003f7dc00000,0x0000003f7dd00000)]
  0x00000164c9bb1680 JavaThread "Cache worker for kotlin-dsl (C:\Users\Luiss\.gradle\caches\7.5.1\kotlin-dsl)" [_thread_blocked, id=10492, stack(0x0000003f7df00000,0x0000003f7e000000)]
  0x00000164c9bb24f0 JavaThread "Cache worker for dependencies-accessors (C:\Proyectos\AlcanciaAppRN\android\.gradle\7.5.1\dependencies-accessors)" [_thread_blocked, id=5300, stack(0x0000003f7e000000,0x0000003f7e100000)]
  0x00000164c9bb2020 JavaThread "Cache worker for Build Output Cleanup Cache (C:\Proyectos\AlcanciaAppRN\node_modules\react-native-gradle-plugin\.gradle\buildOutputCleanup)" [_thread_blocked, id=7352, stack(0x0000003f7e100000,0x0000003f7e200000)]
  0x00000164c9bb3830 JavaThread "Unconstrained build operations" [_thread_blocked, id=2328, stack(0x0000003f7ae00000,0x0000003f7af00000)]
  0x00000164c9bb4b70 JavaThread "Unconstrained build operations Thread 2" [_thread_blocked, id=6456, stack(0x0000003f7af00000,0x0000003f7b000000)]
  0x00000164c9bb41d0 JavaThread "Unconstrained build operations Thread 3" [_thread_blocked, id=10624, stack(0x0000003f7e200000,0x0000003f7e300000)]
  0x00000164c9bb46a0 JavaThread "Unconstrained build operations Thread 4" [_thread_blocked, id=8920, stack(0x0000003f7e300000,0x0000003f7e400000)]
  0x00000164c9bb0340 JavaThread "Unconstrained build operations Thread 5" [_thread_blocked, id=1332, stack(0x0000003f7e400000,0x0000003f7e500000)]
  0x00000164c9badcc0 JavaThread "Unconstrained build operations Thread 6" [_thread_blocked, id=11004, stack(0x0000003f7e500000,0x0000003f7e600000)]
  0x00000164c9bb5040 JavaThread "Unconstrained build operations Thread 7" [_thread_blocked, id=11200, stack(0x0000003f7e600000,0x0000003f7e700000)]
  0x00000164c9bad7f0 JavaThread "Unconstrained build operations Thread 8" [_thread_blocked, id=8508, stack(0x0000003f7e700000,0x0000003f7e800000)]
  0x00000164c9bae190 JavaThread "Unconstrained build operations Thread 9" [_thread_blocked, id=5508, stack(0x0000003f7e800000,0x0000003f7e900000)]
  0x00000164c9baf4d0 JavaThread "Unconstrained build operations Thread 10" [_thread_blocked, id=6864, stack(0x0000003f7e900000,0x0000003f7ea00000)]
  0x00000164c9baf000 JavaThread "Unconstrained build operations Thread 11" [_thread_blocked, id=6260, stack(0x0000003f7ea00000,0x0000003f7eb00000)]
  0x00000164c9bafe70 JavaThread "Unconstrained build operations Thread 12" [_thread_blocked, id=4172, stack(0x0000003f7eb00000,0x0000003f7ec00000)]
  0x00000164cac79cb0 JavaThread "Unconstrained build operations Thread 13" [_thread_blocked, id=7928, stack(0x0000003f7ec00000,0x0000003f7ed00000)]
  0x00000164cac74610 JavaThread "Unconstrained build operations Thread 14" [_thread_blocked, id=7732, stack(0x0000003f7ed00000,0x0000003f7ee00000)]
  0x00000164cac77fd0 JavaThread "Unconstrained build operations Thread 15" [_thread_blocked, id=9116, stack(0x0000003f7ee00000,0x0000003f7ef00000)]
  0x00000164cac762f0 JavaThread "Unconstrained build operations Thread 16" [_thread_blocked, id=3504, stack(0x0000003f7ef00000,0x0000003f7f000000)]
  0x00000164cac797e0 JavaThread "Unconstrained build operations Thread 17" [_thread_blocked, id=9968, stack(0x0000003f7f000000,0x0000003f7f100000)]
  0x00000164cac77630 JavaThread "Unconstrained build operations Thread 18" [_thread_blocked, id=10620, stack(0x0000003f7f100000,0x0000003f7f200000)]
  0x00000164cac7b990 JavaThread "Unconstrained build operations Thread 19" [_thread_blocked, id=9192, stack(0x0000003f7f200000,0x0000003f7f300000)]
  0x00000164cac75e20 JavaThread "Unconstrained build operations Thread 20" [_thread_blocked, id=9976, stack(0x0000003f7f300000,0x0000003f7f400000)]
  0x00000164cac7be60 JavaThread "build event listener" [_thread_blocked, id=7656, stack(0x0000003f7f400000,0x0000003f7f500000)]
  0x00000164cac74ae0 JavaThread "Memory manager" [_thread_blocked, id=8116, stack(0x0000003f7f500000,0x0000003f7f600000)]
  0x00000164cac767c0 JavaThread "File lock release action executor Thread 2" [_thread_blocked, id=8008, stack(0x0000003f7f600000,0x0000003f7f700000)]
  0x00000164cac74fb0 JavaThread "Cache worker for Build Output Cleanup Cache (C:\Proyectos\AlcanciaAppRN\android\.gradle\buildOutputCleanup)" [_thread_blocked, id=11064, stack(0x0000003f7f700000,0x0000003f7f800000)]
  0x00000164cac75950 JavaThread "included builds" [_thread_blocked, id=1184, stack(0x0000003f7f800000,0x0000003f7f900000)]
  0x00000164cac7a180 JavaThread "Execution worker" [_thread_blocked, id=10296, stack(0x0000003f7f900000,0x0000003f7fa00000)]
  0x00000164cac784a0 JavaThread "Cache worker for execution history cache (C:\Proyectos\AlcanciaAppRN\node_modules\react-native-gradle-plugin\.gradle\7.5.1\executionHistory)" [_thread_blocked, id=5596, stack(0x0000003f7fa00000,0x0000003f7fb00000)]

Other Threads:
  0x00000164c8757120 VMThread "VM Thread" [stack: 0x0000003f7b600000,0x0000003f7b700000] [id=3308]
  0x00000164c929c9f0 WatcherThread [stack: 0x0000003f7c200000,0x0000003f7c300000] [id=8320]
  0x00000164ad71ee00 GCTaskThread "GC Thread#0" [stack: 0x0000003f7b100000,0x0000003f7b200000] [id=2560]
  0x00000164c936d6e0 GCTaskThread "GC Thread#1" [stack: 0x0000003f7c300000,0x0000003f7c400000] [id=10448]
  0x00000164ad72fc50 ConcurrentGCThread "G1 Main Marker" [stack: 0x0000003f7b200000,0x0000003f7b300000] [id=9568]
  0x00000164ad730570 ConcurrentGCThread "G1 Conc#0" [stack: 0x0000003f7b300000,0x0000003f7b400000] [id=4624]
  0x00000164ad774670 ConcurrentGCThread "G1 Refine#0" [stack: 0x0000003f7b400000,0x0000003f7b500000] [id=892]
  0x00000164cb9f7190 ConcurrentGCThread "G1 Refine#1" [stack: 0x0000003f7da00000,0x0000003f7db00000] [id=4196]
  0x00000164ad774fa0 ConcurrentGCThread "G1 Service" [stack: 0x0000003f7b500000,0x0000003f7b600000] [id=7908]

Threads with active compile tasks:
C2 CompilerThread0    89181 8550       4       sun.reflect.generics.parser.SignatureParser::parsePackageNameAndSimpleClassTypeSignature (119 bytes)

VM state: not at safepoint (normal execution)

VM Mutex/Monitor currently owned by a thread: None

Heap address: 0x0000000080000000, size: 2048 MB, Compressed Oops mode: 32-bit

CDS archive(s) not mapped
Compressed class space mapped at: 0x0000000100000000-0x0000000119c00000, reserved size: 432013312
Narrow klass base: 0x0000000000000000, Narrow klass shift: 3, Narrow klass range: 0x119c00000

GC Precious Log:
 CPUs: 2 total, 2 available
 Memory: 3899M
 Large Page Support: Disabled
 NUMA Support: Disabled
 Compressed Oops: Enabled (32-bit)
 Heap Region Size: 1M
 Heap Min Capacity: 8M
 Heap Initial Capacity: 62M
 Heap Max Capacity: 2G
 Pre-touch: Disabled
 Parallel Workers: 2
 Concurrent Workers: 1
 Concurrent Refinement Workers: 2
 Periodic GC: Disabled

Heap:
 garbage-first heap   total 174080K, used 92624K [0x0000000080000000, 0x0000000100000000)
  region size 1024K, 42 young (43008K), 2 survivors (2048K)
 Metaspace       used 73823K, committed 74496K, reserved 487424K
  class space    used 10032K, committed 10304K, reserved 421888K

Heap Regions: E=young(eden), S=young(survivor), O=old, HS=humongous(starts), HC=humongous(continues), CS=collection set, F=free, OA=open archive, CA=closed archive, TAMS=top-at-mark-start (previous, next)
|   0|0x0000000080000000, 0x0000000080100000, 0x0000000080100000|100%| O|  |TAMS 0x0000000080100000, 0x0000000080000000| Untracked 
|   1|0x0000000080100000, 0x0000000080200000, 0x0000000080200000|100%|HS|  |TAMS 0x0000000080200000, 0x0000000080100000| Complete 
|   2|0x0000000080200000, 0x0000000080300000, 0x0000000080300000|100%|HC|  |TAMS 0x0000000080300000, 0x0000000080200000| Complete 
|   3|0x0000000080300000, 0x0000000080400000, 0x0000000080400000|100%|HC|  |TAMS 0x0000000080400000, 0x0000000080300000| Complete 
|   4|0x0000000080400000, 0x0000000080500000, 0x0000000080500000|100%| O|  |TAMS 0x0000000080500000, 0x0000000080400000| Untracked 
|   5|0x0000000080500000, 0x0000000080600000, 0x0000000080600000|100%| O|  |TAMS 0x0000000080600000, 0x0000000080500000| Untracked 
|   6|0x0000000080600000, 0x0000000080700000, 0x0000000080700000|100%| O|  |TAMS 0x0000000080700000, 0x0000000080600000| Untracked 
|   7|0x0000000080700000, 0x0000000080800000, 0x0000000080800000|100%| O|  |TAMS 0x0000000080800000, 0x0000000080700000| Untracked 
|   8|0x0000000080800000, 0x0000000080900000, 0x0000000080900000|100%| O|  |TAMS 0x0000000080900000, 0x0000000080800000| Untracked 
|   9|0x0000000080900000, 0x0000000080a00000, 0x0000000080a00000|100%| O|  |TAMS 0x0000000080a00000, 0x0000000080900000| Untracked 
|  10|0x0000000080a00000, 0x0000000080b00000, 0x0000000080b00000|100%| O|  |TAMS 0x0000000080b00000, 0x0000000080a00000| Untracked 
|  11|0x0000000080b00000, 0x0000000080c00000, 0x0000000080c00000|100%| O|  |TAMS 0x0000000080c00000, 0x0000000080b00000| Untracked 
|  12|0x0000000080c00000, 0x0000000080d00000, 0x0000000080d00000|100%| O|  |TAMS 0x0000000080d00000, 0x0000000080c00000| Untracked 
|  13|0x0000000080d00000, 0x0000000080e00000, 0x0000000080e00000|100%| O|  |TAMS 0x0000000080e00000, 0x0000000080d00000| Untracked 
|  14|0x0000000080e00000, 0x0000000080f00000, 0x0000000080f00000|100%| O|  |TAMS 0x0000000080f00000, 0x0000000080e00000| Untracked 
|  15|0x0000000080f00000, 0x0000000081000000, 0x0000000081000000|100%| O|  |TAMS 0x0000000081000000, 0x0000000080f00000| Untracked 
|  16|0x0000000081000000, 0x0000000081100000, 0x0000000081100000|100%| O|  |TAMS 0x0000000081100000, 0x0000000081000000| Untracked 
|  17|0x0000000081100000, 0x0000000081200000, 0x0000000081200000|100%| O|  |TAMS 0x0000000081200000, 0x0000000081100000| Untracked 
|  18|0x0000000081200000, 0x0000000081300000, 0x0000000081300000|100%| O|  |TAMS 0x0000000081300000, 0x0000000081200000| Untracked 
|  19|0x0000000081300000, 0x0000000081400000, 0x0000000081400000|100%| O|  |TAMS 0x0000000081400000, 0x0000000081300000| Untracked 
|  20|0x0000000081400000, 0x0000000081500000, 0x0000000081500000|100%| O|  |TAMS 0x0000000081500000, 0x0000000081400000| Untracked 
|  21|0x0000000081500000, 0x0000000081600000, 0x0000000081600000|100%| O|  |TAMS 0x0000000081600000, 0x0000000081500000| Untracked 
|  22|0x0000000081600000, 0x0000000081700000, 0x0000000081700000|100%| O|  |TAMS 0x0000000081700000, 0x0000000081600000| Untracked 
|  23|0x0000000081700000, 0x0000000081800000, 0x0000000081800000|100%| O|  |TAMS 0x0000000081800000, 0x0000000081700000| Untracked 
|  24|0x0000000081800000, 0x0000000081900000, 0x0000000081900000|100%| O|  |TAMS 0x0000000081900000, 0x0000000081800000| Untracked 
|  25|0x0000000081900000, 0x0000000081a00000, 0x0000000081a00000|100%| O|  |TAMS 0x0000000081a00000, 0x0000000081900000| Untracked 
|  26|0x0000000081a00000, 0x0000000081b00000, 0x0000000081b00000|100%| O|  |TAMS 0x0000000081b00000, 0x0000000081a00000| Untracked 
|  27|0x0000000081b00000, 0x0000000081c00000, 0x0000000081c00000|100%| O|  |TAMS 0x0000000081c00000, 0x0000000081b00000| Untracked 
|  28|0x0000000081c00000, 0x0000000081d00000, 0x0000000081d00000|100%| O|  |TAMS 0x0000000081d00000, 0x0000000081c00000| Untracked 
|  29|0x0000000081d00000, 0x0000000081e00000, 0x0000000081e00000|100%| O|  |TAMS 0x0000000081e00000, 0x0000000081d00000| Untracked 
|  30|0x0000000081e00000, 0x0000000081f00000, 0x0000000081f00000|100%| O|  |TAMS 0x0000000081f00000, 0x0000000081e00000| Untracked 
|  31|0x0000000081f00000, 0x0000000082000000, 0x0000000082000000|100%| O|  |TAMS 0x0000000082000000, 0x0000000081f00000| Untracked 
|  32|0x0000000082000000, 0x0000000082100000, 0x0000000082100000|100%| O|  |TAMS 0x0000000082100000, 0x0000000082000000| Untracked 
|  33|0x0000000082100000, 0x0000000082200000, 0x0000000082200000|100%| O|  |TAMS 0x0000000082200000, 0x0000000082100000| Untracked 
|  34|0x0000000082200000, 0x0000000082300000, 0x0000000082300000|100%|HS|  |TAMS 0x0000000082300000, 0x0000000082200000| Complete 
|  35|0x0000000082300000, 0x0000000082400000, 0x0000000082400000|100%| O|  |TAMS 0x0000000082300000, 0x0000000082300000| Untracked 
|  36|0x0000000082400000, 0x0000000082500000, 0x0000000082500000|100%|HS|  |TAMS 0x0000000082400000, 0x0000000082400000| Complete 
|  37|0x0000000082500000, 0x0000000082600000, 0x0000000082600000|100%|HS|  |TAMS 0x0000000082600000, 0x0000000082500000| Complete 
|  38|0x0000000082600000, 0x0000000082700000, 0x0000000082700000|100%|HC|  |TAMS 0x0000000082700000, 0x0000000082600000| Complete 
|  39|0x0000000082700000, 0x0000000082800000, 0x0000000082800000|100%|HC|  |TAMS 0x0000000082800000, 0x0000000082700000| Complete 
|  40|0x0000000082800000, 0x0000000082900000, 0x0000000082900000|100%| O|  |TAMS 0x0000000082900000, 0x0000000082800000| Untracked 
|  41|0x0000000082900000, 0x0000000082a00000, 0x0000000082a00000|100%| O|  |TAMS 0x0000000082a00000, 0x0000000082900000| Untracked 
|  42|0x0000000082a00000, 0x0000000082b00000, 0x0000000082b00000|100%| O|  |TAMS 0x0000000082b00000, 0x0000000082a00000| Untracked 
|  43|0x0000000082b00000, 0x0000000082c00000, 0x0000000082c00000|100%| O|  |TAMS 0x0000000082c00000, 0x0000000082b00000| Untracked 
|  44|0x0000000082c00000, 0x0000000082d00000, 0x0000000082d00000|100%| O|  |TAMS 0x0000000082d00000, 0x0000000082c00000| Untracked 
|  45|0x0000000082d00000, 0x0000000082e00000, 0x0000000082e00000|100%| O|  |TAMS 0x0000000082e00000, 0x0000000082d00000| Untracked 
|  46|0x0000000082e00000, 0x0000000082f00000, 0x0000000082f00000|100%| O|  |TAMS 0x0000000082ec4600, 0x0000000082e00000| Untracked 
|  47|0x0000000082f00000, 0x0000000083000000, 0x0000000083000000|100%| O|  |TAMS 0x0000000082f00000, 0x0000000082f00000| Untracked 
|  48|0x0000000083000000, 0x0000000083100000, 0x0000000083100000|100%| O|  |TAMS 0x0000000083000000, 0x0000000083000000| Untracked 
|  49|0x0000000083100000, 0x0000000083175000, 0x0000000083200000| 45%| O|  |TAMS 0x0000000083100000, 0x0000000083100000| Untracked 
|  50|0x0000000083200000, 0x0000000083300000, 0x0000000083300000|100%|HS|  |TAMS 0x0000000083200000, 0x0000000083200000| Complete 
|  51|0x0000000083300000, 0x0000000083300000, 0x0000000083400000|  0%| F|  |TAMS 0x0000000083300000, 0x0000000083300000| Untracked 
|  52|0x0000000083400000, 0x0000000083400000, 0x0000000083500000|  0%| F|  |TAMS 0x0000000083400000, 0x0000000083400000| Untracked 
|  53|0x0000000083500000, 0x0000000083500000, 0x0000000083600000|  0%| F|  |TAMS 0x0000000083500000, 0x0000000083500000| Untracked 
|  54|0x0000000083600000, 0x0000000083600000, 0x0000000083700000|  0%| F|  |TAMS 0x0000000083600000, 0x0000000083600000| Untracked 
|  55|0x0000000083700000, 0x0000000083700000, 0x0000000083800000|  0%| F|  |TAMS 0x0000000083700000, 0x0000000083700000| Untracked 
|  56|0x0000000083800000, 0x0000000083800000, 0x0000000083900000|  0%| F|  |TAMS 0x0000000083800000, 0x0000000083800000| Untracked 
|  57|0x0000000083900000, 0x0000000083900000, 0x0000000083a00000|  0%| F|  |TAMS 0x0000000083900000, 0x0000000083900000| Untracked 
|  58|0x0000000083a00000, 0x0000000083a00000, 0x0000000083b00000|  0%| F|  |TAMS 0x0000000083a00000, 0x0000000083a00000| Untracked 
|  59|0x0000000083b00000, 0x0000000083b00000, 0x0000000083c00000|  0%| F|  |TAMS 0x0000000083b00000, 0x0000000083b00000| Untracked 
|  60|0x0000000083c00000, 0x0000000083c00000, 0x0000000083d00000|  0%| F|  |TAMS 0x0000000083c00000, 0x0000000083c00000| Untracked 
|  61|0x0000000083d00000, 0x0000000083dff090, 0x0000000083e00000| 99%| S|CS|TAMS 0x0000000083d00000, 0x0000000083d00000| Complete 
|  62|0x0000000083e00000, 0x0000000083f00000, 0x0000000083f00000|100%| S|CS|TAMS 0x0000000083e00000, 0x0000000083e00000| Complete 
|  63|0x0000000083f00000, 0x0000000083f00000, 0x0000000084000000|  0%| F|  |TAMS 0x0000000083f00000, 0x0000000083f00000| Untracked 
|  64|0x0000000084000000, 0x0000000084000000, 0x0000000084100000|  0%| F|  |TAMS 0x0000000084000000, 0x0000000084000000| Untracked 
|  65|0x0000000084100000, 0x0000000084100000, 0x0000000084200000|  0%| F|  |TAMS 0x0000000084100000, 0x0000000084100000| Untracked 
|  66|0x0000000084200000, 0x0000000084200000, 0x0000000084300000|  0%| F|  |TAMS 0x0000000084200000, 0x0000000084200000| Untracked 
|  67|0x0000000084300000, 0x0000000084300000, 0x0000000084400000|  0%| F|  |TAMS 0x0000000084300000, 0x0000000084300000| Untracked 
|  68|0x0000000084400000, 0x0000000084400000, 0x0000000084500000|  0%| F|  |TAMS 0x0000000084400000, 0x0000000084400000| Untracked 
|  69|0x0000000084500000, 0x0000000084500000, 0x0000000084600000|  0%| F|  |TAMS 0x0000000084500000, 0x0000000084500000| Untracked 
|  70|0x0000000084600000, 0x0000000084600000, 0x0000000084700000|  0%| F|  |TAMS 0x0000000084600000, 0x0000000084600000| Untracked 
|  71|0x0000000084700000, 0x0000000084700000, 0x0000000084800000|  0%| F|  |TAMS 0x0000000084700000, 0x0000000084700000| Untracked 
|  72|0x0000000084800000, 0x0000000084800000, 0x0000000084900000|  0%| F|  |TAMS 0x0000000084800000, 0x0000000084800000| Untracked 
|  73|0x0000000084900000, 0x0000000084900000, 0x0000000084a00000|  0%| F|  |TAMS 0x0000000084900000, 0x0000000084900000| Untracked 
|  74|0x0000000084a00000, 0x0000000084a00000, 0x0000000084b00000|  0%| F|  |TAMS 0x0000000084a00000, 0x0000000084a00000| Untracked 
|  75|0x0000000084b00000, 0x0000000084b00000, 0x0000000084c00000|  0%| F|  |TAMS 0x0000000084b00000, 0x0000000084b00000| Untracked 
|  76|0x0000000084c00000, 0x0000000084c00000, 0x0000000084d00000|  0%| F|  |TAMS 0x0000000084c00000, 0x0000000084c00000| Untracked 
|  77|0x0000000084d00000, 0x0000000084d00000, 0x0000000084e00000|  0%| F|  |TAMS 0x0000000084d00000, 0x0000000084d00000| Untracked 
|  78|0x0000000084e00000, 0x0000000084e00000, 0x0000000084f00000|  0%| F|  |TAMS 0x0000000084e00000, 0x0000000084e00000| Untracked 
|  79|0x0000000084f00000, 0x0000000084f00000, 0x0000000085000000|  0%| F|  |TAMS 0x0000000084f00000, 0x0000000084f00000| Untracked 
|  80|0x0000000085000000, 0x0000000085000000, 0x0000000085100000|  0%| F|  |TAMS 0x0000000085000000, 0x0000000085000000| Untracked 
|  81|0x0000000085100000, 0x0000000085100000, 0x0000000085200000|  0%| F|  |TAMS 0x0000000085100000, 0x0000000085100000| Untracked 
|  82|0x0000000085200000, 0x0000000085200000, 0x0000000085300000|  0%| F|  |TAMS 0x0000000085200000, 0x0000000085200000| Untracked 
|  83|0x0000000085300000, 0x0000000085300000, 0x0000000085400000|  0%| F|  |TAMS 0x0000000085300000, 0x0000000085300000| Untracked 
|  84|0x0000000085400000, 0x0000000085400000, 0x0000000085500000|  0%| F|  |TAMS 0x0000000085400000, 0x0000000085400000| Untracked 
|  85|0x0000000085500000, 0x0000000085500000, 0x0000000085600000|  0%| F|  |TAMS 0x0000000085500000, 0x0000000085500000| Untracked 
|  86|0x0000000085600000, 0x0000000085600000, 0x0000000085700000|  0%| F|  |TAMS 0x0000000085600000, 0x0000000085600000| Untracked 
|  87|0x0000000085700000, 0x0000000085700000, 0x0000000085800000|  0%| F|  |TAMS 0x0000000085700000, 0x0000000085700000| Untracked 
|  88|0x0000000085800000, 0x0000000085800000, 0x0000000085900000|  0%| F|  |TAMS 0x0000000085800000, 0x0000000085800000| Untracked 
|  89|0x0000000085900000, 0x0000000085900000, 0x0000000085a00000|  0%| F|  |TAMS 0x0000000085900000, 0x0000000085900000| Untracked 
|  90|0x0000000085a00000, 0x0000000085a00000, 0x0000000085b00000|  0%| F|  |TAMS 0x0000000085a00000, 0x0000000085a00000| Untracked 
|  91|0x0000000085b00000, 0x0000000085b00000, 0x0000000085c00000|  0%| F|  |TAMS 0x0000000085b00000, 0x0000000085b00000| Untracked 
|  92|0x0000000085c00000, 0x0000000085c00000, 0x0000000085d00000|  0%| F|  |TAMS 0x0000000085c00000, 0x0000000085c00000| Untracked 
|  93|0x0000000085d00000, 0x0000000085d00000, 0x0000000085e00000|  0%| F|  |TAMS 0x0000000085d00000, 0x0000000085d00000| Untracked 
|  94|0x0000000085e00000, 0x0000000085e00000, 0x0000000085f00000|  0%| F|  |TAMS 0x0000000085e00000, 0x0000000085e00000| Untracked 
|  95|0x0000000085f00000, 0x0000000085f00000, 0x0000000086000000|  0%| F|  |TAMS 0x0000000085f00000, 0x0000000085f00000| Untracked 
|  96|0x0000000086000000, 0x0000000086000000, 0x0000000086100000|  0%| F|  |TAMS 0x0000000086000000, 0x0000000086000000| Untracked 
|  97|0x0000000086100000, 0x0000000086100000, 0x0000000086200000|  0%| F|  |TAMS 0x0000000086100000, 0x0000000086100000| Untracked 
|  98|0x0000000086200000, 0x0000000086200000, 0x0000000086300000|  0%| F|  |TAMS 0x0000000086200000, 0x0000000086200000| Untracked 
|  99|0x0000000086300000, 0x0000000086300000, 0x0000000086400000|  0%| F|  |TAMS 0x0000000086300000, 0x0000000086300000| Untracked 
| 100|0x0000000086400000, 0x0000000086400000, 0x0000000086500000|  0%| F|  |TAMS 0x0000000086400000, 0x0000000086400000| Untracked 
| 101|0x0000000086500000, 0x0000000086500000, 0x0000000086600000|  0%| F|  |TAMS 0x0000000086500000, 0x0000000086500000| Untracked 
| 102|0x0000000086600000, 0x0000000086600000, 0x0000000086700000|  0%| F|  |TAMS 0x0000000086600000, 0x0000000086600000| Untracked 
| 103|0x0000000086700000, 0x0000000086700000, 0x0000000086800000|  0%| F|  |TAMS 0x0000000086700000, 0x0000000086700000| Untracked 
| 104|0x0000000086800000, 0x0000000086800000, 0x0000000086900000|  0%| F|  |TAMS 0x0000000086800000, 0x0000000086800000| Untracked 
| 105|0x0000000086900000, 0x0000000086900000, 0x0000000086a00000|  0%| F|  |TAMS 0x0000000086900000, 0x0000000086900000| Untracked 
| 106|0x0000000086a00000, 0x0000000086a00000, 0x0000000086b00000|  0%| F|  |TAMS 0x0000000086a00000, 0x0000000086a00000| Untracked 
| 107|0x0000000086b00000, 0x0000000086b00000, 0x0000000086c00000|  0%| F|  |TAMS 0x0000000086b00000, 0x0000000086b00000| Untracked 
| 108|0x0000000086c00000, 0x0000000086c00000, 0x0000000086d00000|  0%| F|  |TAMS 0x0000000086c00000, 0x0000000086c00000| Untracked 
| 109|0x0000000086d00000, 0x0000000086d00000, 0x0000000086e00000|  0%| F|  |TAMS 0x0000000086d00000, 0x0000000086d00000| Untracked 
| 110|0x0000000086e00000, 0x0000000086e00000, 0x0000000086f00000|  0%| F|  |TAMS 0x0000000086e00000, 0x0000000086e00000| Untracked 
| 111|0x0000000086f00000, 0x0000000086f00000, 0x0000000087000000|  0%| F|  |TAMS 0x0000000086f00000, 0x0000000086f00000| Untracked 
| 112|0x0000000087000000, 0x0000000087000000, 0x0000000087100000|  0%| F|  |TAMS 0x0000000087000000, 0x0000000087000000| Untracked 
| 113|0x0000000087100000, 0x0000000087100000, 0x0000000087200000|  0%| F|  |TAMS 0x0000000087100000, 0x0000000087100000| Untracked 
| 114|0x0000000087200000, 0x0000000087200000, 0x0000000087300000|  0%| F|  |TAMS 0x0000000087200000, 0x0000000087200000| Untracked 
| 115|0x0000000087300000, 0x0000000087300000, 0x0000000087400000|  0%| F|  |TAMS 0x0000000087300000, 0x0000000087300000| Untracked 
| 116|0x0000000087400000, 0x0000000087400000, 0x0000000087500000|  0%| F|  |TAMS 0x0000000087400000, 0x0000000087400000| Untracked 
| 117|0x0000000087500000, 0x0000000087500000, 0x0000000087600000|  0%| F|  |TAMS 0x0000000087500000, 0x0000000087500000| Untracked 
| 118|0x0000000087600000, 0x0000000087600000, 0x0000000087700000|  0%| F|  |TAMS 0x0000000087600000, 0x0000000087600000| Untracked 
| 119|0x0000000087700000, 0x0000000087700000, 0x0000000087800000|  0%| F|  |TAMS 0x0000000087700000, 0x0000000087700000| Untracked 
| 120|0x0000000087800000, 0x0000000087800000, 0x0000000087900000|  0%| F|  |TAMS 0x0000000087800000, 0x0000000087800000| Untracked 
| 121|0x0000000087900000, 0x0000000087900000, 0x0000000087a00000|  0%| F|  |TAMS 0x0000000087900000, 0x0000000087900000| Untracked 
| 122|0x0000000087a00000, 0x0000000087a00000, 0x0000000087b00000|  0%| F|  |TAMS 0x0000000087a00000, 0x0000000087a00000| Untracked 
| 123|0x0000000087b00000, 0x0000000087b00000, 0x0000000087c00000|  0%| F|  |TAMS 0x0000000087b00000, 0x0000000087b00000| Untracked 
| 124|0x0000000087c00000, 0x0000000087c00000, 0x0000000087d00000|  0%| F|  |TAMS 0x0000000087c00000, 0x0000000087c00000| Untracked 
| 125|0x0000000087d00000, 0x0000000087d00000, 0x0000000087e00000|  0%| F|  |TAMS 0x0000000087d00000, 0x0000000087d00000| Untracked 
| 126|0x0000000087e00000, 0x0000000087e00000, 0x0000000087f00000|  0%| F|  |TAMS 0x0000000087e00000, 0x0000000087e00000| Untracked 
| 127|0x0000000087f00000, 0x0000000087f00000, 0x0000000088000000|  0%| F|  |TAMS 0x0000000087f00000, 0x0000000087f00000| Untracked 
| 128|0x0000000088000000, 0x0000000088000000, 0x0000000088100000|  0%| F|  |TAMS 0x0000000088000000, 0x0000000088000000| Untracked 
| 129|0x0000000088100000, 0x0000000088100000, 0x0000000088200000|  0%| F|  |TAMS 0x0000000088100000, 0x0000000088100000| Untracked 
| 130|0x0000000088200000, 0x0000000088281c10, 0x0000000088300000| 50%| E|  |TAMS 0x0000000088200000, 0x0000000088200000| Complete 
| 131|0x0000000088300000, 0x0000000088400000, 0x0000000088400000|100%| E|CS|TAMS 0x0000000088300000, 0x0000000088300000| Complete 
| 132|0x0000000088400000, 0x0000000088500000, 0x0000000088500000|100%| E|CS|TAMS 0x0000000088400000, 0x0000000088400000| Complete 
| 133|0x0000000088500000, 0x0000000088600000, 0x0000000088600000|100%| E|CS|TAMS 0x0000000088500000, 0x0000000088500000| Complete 
| 134|0x0000000088600000, 0x0000000088700000, 0x0000000088700000|100%| E|CS|TAMS 0x0000000088600000, 0x0000000088600000| Complete 
| 135|0x0000000088700000, 0x0000000088800000, 0x0000000088800000|100%| E|CS|TAMS 0x0000000088700000, 0x0000000088700000| Complete 
| 136|0x0000000088800000, 0x0000000088900000, 0x0000000088900000|100%| E|CS|TAMS 0x0000000088800000, 0x0000000088800000| Complete 
| 137|0x0000000088900000, 0x0000000088a00000, 0x0000000088a00000|100%| E|CS|TAMS 0x0000000088900000, 0x0000000088900000| Complete 
| 138|0x0000000088a00000, 0x0000000088b00000, 0x0000000088b00000|100%| E|CS|TAMS 0x0000000088a00000, 0x0000000088a00000| Complete 
| 139|0x0000000088b00000, 0x0000000088c00000, 0x0000000088c00000|100%| E|CS|TAMS 0x0000000088b00000, 0x0000000088b00000| Complete 
| 140|0x0000000088c00000, 0x0000000088d00000, 0x0000000088d00000|100%| E|CS|TAMS 0x0000000088c00000, 0x0000000088c00000| Complete 
| 141|0x0000000088d00000, 0x0000000088e00000, 0x0000000088e00000|100%| E|CS|TAMS 0x0000000088d00000, 0x0000000088d00000| Complete 
| 142|0x0000000088e00000, 0x0000000088f00000, 0x0000000088f00000|100%| E|CS|TAMS 0x0000000088e00000, 0x0000000088e00000| Complete 
| 143|0x0000000088f00000, 0x0000000089000000, 0x0000000089000000|100%| E|CS|TAMS 0x0000000088f00000, 0x0000000088f00000| Complete 
| 144|0x0000000089000000, 0x0000000089100000, 0x0000000089100000|100%| E|CS|TAMS 0x0000000089000000, 0x0000000089000000| Complete 
| 145|0x0000000089100000, 0x0000000089200000, 0x0000000089200000|100%| E|CS|TAMS 0x0000000089100000, 0x0000000089100000| Complete 
| 146|0x0000000089200000, 0x0000000089300000, 0x0000000089300000|100%| E|CS|TAMS 0x0000000089200000, 0x0000000089200000| Complete 
| 147|0x0000000089300000, 0x0000000089400000, 0x0000000089400000|100%| E|CS|TAMS 0x0000000089300000, 0x0000000089300000| Complete 
| 148|0x0000000089400000, 0x0000000089500000, 0x0000000089500000|100%| E|CS|TAMS 0x0000000089400000, 0x0000000089400000| Complete 
| 149|0x0000000089500000, 0x0000000089600000, 0x0000000089600000|100%| E|  |TAMS 0x0000000089500000, 0x0000000089500000| Complete 
| 150|0x0000000089600000, 0x0000000089700000, 0x0000000089700000|100%| E|CS|TAMS 0x0000000089600000, 0x0000000089600000| Complete 
| 151|0x0000000089700000, 0x0000000089800000, 0x0000000089800000|100%| E|CS|TAMS 0x0000000089700000, 0x0000000089700000| Complete 
| 152|0x0000000089800000, 0x0000000089900000, 0x0000000089900000|100%| E|CS|TAMS 0x0000000089800000, 0x0000000089800000| Complete 
| 153|0x0000000089900000, 0x0000000089a00000, 0x0000000089a00000|100%| E|CS|TAMS 0x0000000089900000, 0x0000000089900000| Complete 
| 154|0x0000000089a00000, 0x0000000089b00000, 0x0000000089b00000|100%| E|CS|TAMS 0x0000000089a00000, 0x0000000089a00000| Complete 
| 155|0x0000000089b00000, 0x0000000089c00000, 0x0000000089c00000|100%| E|CS|TAMS 0x0000000089b00000, 0x0000000089b00000| Complete 
| 156|0x0000000089c00000, 0x0000000089d00000, 0x0000000089d00000|100%| E|CS|TAMS 0x0000000089c00000, 0x0000000089c00000| Complete 
| 157|0x0000000089d00000, 0x0000000089e00000, 0x0000000089e00000|100%| E|CS|TAMS 0x0000000089d00000, 0x0000000089d00000| Complete 
| 158|0x0000000089e00000, 0x0000000089f00000, 0x0000000089f00000|100%| E|CS|TAMS 0x0000000089e00000, 0x0000000089e00000| Complete 
| 159|0x0000000089f00000, 0x000000008a000000, 0x000000008a000000|100%| E|CS|TAMS 0x0000000089f00000, 0x0000000089f00000| Complete 
| 160|0x000000008a000000, 0x000000008a100000, 0x000000008a100000|100%| E|CS|TAMS 0x000000008a000000, 0x000000008a000000| Complete 
| 161|0x000000008a100000, 0x000000008a200000, 0x000000008a200000|100%| E|CS|TAMS 0x000000008a100000, 0x000000008a100000| Complete 
| 162|0x000000008a200000, 0x000000008a300000, 0x000000008a300000|100%| E|CS|TAMS 0x000000008a200000, 0x000000008a200000| Complete 
| 163|0x000000008a300000, 0x000000008a400000, 0x000000008a400000|100%| E|CS|TAMS 0x000000008a300000, 0x000000008a300000| Complete 
| 164|0x000000008a400000, 0x000000008a500000, 0x000000008a500000|100%| E|CS|TAMS 0x000000008a400000, 0x000000008a400000| Complete 
| 165|0x000000008a500000, 0x000000008a600000, 0x000000008a600000|100%| E|CS|TAMS 0x000000008a500000, 0x000000008a500000| Complete 
| 166|0x000000008a600000, 0x000000008a700000, 0x000000008a700000|100%| E|CS|TAMS 0x000000008a600000, 0x000000008a600000| Complete 
| 167|0x000000008a700000, 0x000000008a800000, 0x000000008a800000|100%| E|CS|TAMS 0x000000008a700000, 0x000000008a700000| Complete 
| 168|0x000000008a800000, 0x000000008a900000, 0x000000008a900000|100%| E|CS|TAMS 0x000000008a800000, 0x000000008a800000| Complete 
| 169|0x000000008a900000, 0x000000008aa00000, 0x000000008aa00000|100%| E|CS|TAMS 0x000000008a900000, 0x000000008a900000| Complete 

Card table byte_map: [0x00000164c1b70000,0x00000164c1f70000] _byte_map_base: 0x00000164c1770000

Marking Bits (Prev, Next): (CMBitMap*) 0x00000164ad71f320, (CMBitMap*) 0x00000164ad71f360
 Prev Bits: [0x00000164c2370000, 0x00000164c4370000)
 Next Bits: [0x00000164c4370000, 0x00000164c6370000)

Polling page: 0x00000164ad790000

Metaspace:

Usage:
  Non-class:     62.30 MB used.
      Class:      9.80 MB used.
       Both:     72.09 MB used.

Virtual space:
  Non-class space:       64.00 MB reserved,      62.69 MB ( 98%) committed,  8 nodes.
      Class space:      412.00 MB reserved,      10.06 MB (  2%) committed,  1 nodes.
             Both:      476.00 MB reserved,      72.75 MB ( 15%) committed. 

Chunk freelists:
   Non-Class:  1.11 MB
       Class:  1.94 MB
        Both:  3.05 MB

MaxMetaspaceSize: 512.00 MB
CompressedClassSpaceSize: 412.00 MB
Initial GC threshold: 21.00 MB
Current GC threshold: 110.75 MB
CDS: off
MetaspaceReclaimPolicy: balanced
 - commit_granule_bytes: 65536.
 - commit_granule_words: 8192.
 - virtual_space_node_default_size: 1048576.
 - enlarge_chunks_in_place: 1.
 - new_chunks_are_fully_committed: 0.
 - uncommit_free_chunks: 1.
 - use_allocation_guard: 0.
 - handle_deallocations: 1.


Internal statistics:

num_allocs_failed_limit: 9.
num_arena_births: 730.
num_arena_deaths: 0.
num_vsnodes_births: 9.
num_vsnodes_deaths: 0.
num_space_committed: 1164.
num_space_uncommitted: 0.
num_chunks_returned_to_freelist: 9.
num_chunks_taken_from_freelist: 3337.
num_chunk_merges: 3.
num_chunk_splits: 2210.
num_chunks_enlarged: 1491.
num_purges: 0.
num_inconsistent_stats: 0.

CodeHeap 'non-profiled nmethods': size=120064Kb used=4088Kb max_used=4088Kb free=115975Kb
 bounds [0x00000164b9e20000, 0x00000164ba220000, 0x00000164c1360000]
CodeHeap 'profiled nmethods': size=120000Kb used=15474Kb max_used=15474Kb free=104525Kb
 bounds [0x00000164b2360000, 0x00000164b3280000, 0x00000164b9890000]
CodeHeap 'non-nmethods': size=5696Kb used=2358Kb max_used=2394Kb free=3338Kb
 bounds [0x00000164b9890000, 0x00000164b9b00000, 0x00000164b9e20000]
 total_blobs=8569 nmethods=7674 adapters=807
 compilation: enabled
              stopped_count=0, restarted_count=0
 full_count=0

Compilation events (20 events):
Event: 87.618 Thread 0x00000164c87d1550 8545       2       java.util.Collections$SetFromMap::remove (19 bytes)
Event: 87.618 Thread 0x00000164c87d1550 nmethod 8545 0x00000164b327b190 code [0x00000164b327b320, 0x00000164b327b468]
Event: 87.641 Thread 0x00000164c87ceb90 nmethod 8536 0x00000164ba20d790 code [0x00000164ba20db00, 0x00000164ba2116f0]
Event: 87.641 Thread 0x00000164c87ceb90 8538       4       java.io.File::isInvalid (47 bytes)
Event: 87.689 Thread 0x00000164c87ceb90 nmethod 8538 0x00000164ba213c10 code [0x00000164ba213da0, 0x00000164ba213ff8]
Event: 87.839 Thread 0x00000164c87ceb90 8546       4       com.google.common.collect.MapMakerInternalMap$1::clear (1 bytes)
Event: 87.840 Thread 0x00000164c87ceb90 nmethod 8546 0x00000164ba214210 code [0x00000164ba214380, 0x00000164ba2143f8]
Event: 87.884 Thread 0x00000164c87ceb90 8547       4       java.util.jar.Attributes$Name::hash (148 bytes)
Event: 87.887 Thread 0x00000164c87ceb90 nmethod 8547 0x00000164ba214510 code [0x00000164ba2146a0, 0x00000164ba214948]
Event: 88.346 Thread 0x00000164c87ceb90 8548 %     4       org.gradle.internal.instantiation.generator.AbstractClassGenerator::inspectType @ 207 (560 bytes)
Event: 88.606 Thread 0x00000164c87d1550 8549       3       com.google.common.base.Equivalence::equals (4 bytes)
Event: 88.607 Thread 0x00000164c87d1550 nmethod 8549 0x00000164b327b510 code [0x00000164b327b6a0, 0x00000164b327b798]
Event: 88.724 Thread 0x00000164c87d1550 8551       3       org.gradle.api.internal.project.DefaultProject::getConvention (8 bytes)
Event: 88.724 Thread 0x00000164c87d1550 nmethod 8551 0x00000164b327b810 code [0x00000164b327b9a0, 0x00000164b327bb58]
Event: 88.741 Thread 0x00000164c87d1550 8552       3       java.lang.Class::getDeclaredAnnotations (11 bytes)
Event: 88.742 Thread 0x00000164c87d1550 nmethod 8552 0x00000164b327bc10 code [0x00000164b327bde0, 0x00000164b327c208]
Event: 88.742 Thread 0x00000164c87d1550 8553   !   3       jdk.proxy1.$Proxy5::annotationType (29 bytes)
Event: 88.742 Thread 0x00000164c87d1550 nmethod 8553 0x00000164b327c390 code [0x00000164b327c560, 0x00000164b327c938]
Event: 88.934 Thread 0x00000164c87ceb90 nmethod 8548% 0x00000164ba214c10 code [0x00000164ba2150a0, 0x00000164ba21aac0]
Event: 88.934 Thread 0x00000164c87ceb90 8550       4       sun.reflect.generics.parser.SignatureParser::parsePackageNameAndSimpleClassTypeSignature (119 bytes)

GC Heap History (20 events):
Event: 67.271 GC heap before
{Heap before GC invocations=34 (full 0):
 garbage-first heap   total 76800K, used 61172K [0x0000000080000000, 0x0000000100000000)
  region size 1024K, 17 young (17408K), 1 survivors (1024K)
 Metaspace       used 60289K, committed 60864K, reserved 479232K
  class space    used 8170K, committed 8448K, reserved 421888K
}
Event: 67.284 GC heap after
{Heap after GC invocations=35 (full 0):
 garbage-first heap   total 76800K, used 45534K [0x0000000080000000, 0x0000000100000000)
  region size 1024K, 1 young (1024K), 1 survivors (1024K)
 Metaspace       used 60289K, committed 60864K, reserved 479232K
  class space    used 8170K, committed 8448K, reserved 421888K
}
Event: 68.125 GC heap before
{Heap before GC invocations=36 (full 0):
 garbage-first heap   total 80896K, used 60894K [0x0000000080000000, 0x0000000100000000)
  region size 1024K, 17 young (17408K), 1 survivors (1024K)
 Metaspace       used 62598K, committed 63168K, reserved 479232K
  class space    used 8500K, committed 8768K, reserved 421888K
}
Event: 68.131 GC heap after
{Heap after GC invocations=37 (full 0):
 garbage-first heap   total 80896K, used 45967K [0x0000000080000000, 0x0000000100000000)
  region size 1024K, 2 young (2048K), 2 survivors (2048K)
 Metaspace       used 62598K, committed 63168K, reserved 479232K
  class space    used 8500K, committed 8768K, reserved 421888K
}
Event: 68.176 GC heap before
{Heap before GC invocations=37 (full 0):
 garbage-first heap   total 80896K, used 46991K [0x0000000080000000, 0x0000000100000000)
  region size 1024K, 3 young (3072K), 2 survivors (2048K)
 Metaspace       used 62746K, committed 63296K, reserved 479232K
  class space    used 8514K, committed 8768K, reserved 421888K
}
Event: 68.185 GC heap after
{Heap after GC invocations=38 (full 0):
 garbage-first heap   total 80896K, used 45500K [0x0000000080000000, 0x0000000100000000)
  region size 1024K, 1 young (1024K), 1 survivors (1024K)
 Metaspace       used 62746K, committed 63296K, reserved 479232K
  class space    used 8514K, committed 8768K, reserved 421888K
}
Event: 70.306 GC heap before
{Heap before GC invocations=38 (full 0):
 garbage-first heap   total 80896K, used 64956K [0x0000000080000000, 0x0000000100000000)
  region size 1024K, 21 young (21504K), 1 survivors (1024K)
 Metaspace       used 64183K, committed 64768K, reserved 479232K
  class space    used 8666K, committed 8896K, reserved 421888K
}
Event: 70.314 GC heap after
{Heap after GC invocations=39 (full 0):
 garbage-first heap   total 80896K, used 47641K [0x0000000080000000, 0x0000000100000000)
  region size 1024K, 3 young (3072K), 3 survivors (3072K)
 Metaspace       used 64183K, committed 64768K, reserved 479232K
  class space    used 8666K, committed 8896K, reserved 421888K
}
Event: 72.680 GC heap before
{Heap before GC invocations=40 (full 0):
 garbage-first heap   total 83968K, used 65049K [0x0000000080000000, 0x0000000100000000)
  region size 1024K, 20 young (20480K), 3 survivors (3072K)
 Metaspace       used 65825K, committed 66432K, reserved 487424K
  class space    used 8927K, committed 9216K, reserved 421888K
}
Event: 72.688 GC heap after
{Heap after GC invocations=41 (full 0):
 garbage-first heap   total 83968K, used 47510K [0x0000000080000000, 0x0000000100000000)
  region size 1024K, 2 young (2048K), 2 survivors (2048K)
 Metaspace       used 65825K, committed 66432K, reserved 487424K
  class space    used 8927K, committed 9216K, reserved 421888K
}
Event: 72.790 GC heap before
{Heap before GC invocations=41 (full 0):
 garbage-first heap   total 83968K, used 49558K [0x0000000080000000, 0x0000000100000000)
  region size 1024K, 4 young (4096K), 2 survivors (2048K)
 Metaspace       used 65840K, committed 66432K, reserved 487424K
  class space    used 8930K, committed 9216K, reserved 421888K
}
Event: 72.796 GC heap after
{Heap after GC invocations=42 (full 0):
 garbage-first heap   total 83968K, used 47416K [0x0000000080000000, 0x0000000100000000)
  region size 1024K, 1 young (1024K), 1 survivors (1024K)
 Metaspace       used 65840K, committed 66432K, reserved 487424K
  class space    used 8930K, committed 9216K, reserved 421888K
}
Event: 75.968 GC heap before
{Heap before GC invocations=42 (full 0):
 garbage-first heap   total 83968K, used 67896K [0x0000000080000000, 0x0000000100000000)
  region size 1024K, 21 young (21504K), 1 survivors (1024K)
 Metaspace       used 67357K, committed 67968K, reserved 487424K
  class space    used 9176K, committed 9472K, reserved 421888K
}
Event: 75.975 GC heap after
{Heap after GC invocations=43 (full 0):
 garbage-first heap   total 83968K, used 48765K [0x0000000080000000, 0x0000000100000000)
  region size 1024K, 2 young (2048K), 2 survivors (2048K)
 Metaspace       used 67357K, committed 67968K, reserved 487424K
  class space    used 9176K, committed 9472K, reserved 421888K
}
Event: 79.762 GC heap before
{Heap before GC invocations=44 (full 0):
 garbage-first heap   total 83968K, used 67197K [0x0000000080000000, 0x0000000100000000)
  region size 1024K, 21 young (21504K), 2 survivors (2048K)
 Metaspace       used 68791K, committed 69312K, reserved 487424K
  class space    used 9379K, committed 9600K, reserved 421888K
}
Event: 79.772 GC heap after
{Heap after GC invocations=45 (full 0):
 garbage-first heap   total 83968K, used 50292K [0x0000000080000000, 0x0000000100000000)
  region size 1024K, 3 young (3072K), 3 survivors (3072K)
 Metaspace       used 68791K, committed 69312K, reserved 487424K
  class space    used 9379K, committed 9600K, reserved 421888K
}
Event: 79.863 GC heap before
{Heap before GC invocations=45 (full 0):
 garbage-first heap   total 83968K, used 51316K [0x0000000080000000, 0x0000000100000000)
  region size 1024K, 4 young (4096K), 3 survivors (3072K)
 Metaspace       used 68863K, committed 69440K, reserved 487424K
  class space    used 9391K, committed 9664K, reserved 421888K
}
Event: 79.873 GC heap after
{Heap after GC invocations=46 (full 0):
 garbage-first heap   total 83968K, used 50118K [0x0000000080000000, 0x0000000100000000)
  region size 1024K, 1 young (1024K), 1 survivors (1024K)
 Metaspace       used 68863K, committed 69440K, reserved 487424K
  class space    used 9391K, committed 9664K, reserved 421888K
}
Event: 83.085 GC heap before
{Heap before GC invocations=46 (full 0):
 garbage-first heap   total 83968K, used 67526K [0x0000000080000000, 0x0000000100000000)
  region size 1024K, 19 young (19456K), 1 survivors (1024K)
 Metaspace       used 70900K, committed 71488K, reserved 487424K
  class space    used 9644K, committed 9920K, reserved 421888K
}
Event: 83.093 GC heap after
{Heap after GC invocations=47 (full 0):
 garbage-first heap   total 174080K, used 51664K [0x0000000080000000, 0x0000000100000000)
  region size 1024K, 2 young (2048K), 2 survivors (2048K)
 Metaspace       used 70900K, committed 71488K, reserved 487424K
  class space    used 9644K, committed 9920K, reserved 421888K
}

Dll operation events (2 events):
Event: 0.033 Loaded shared library D:\Android\jbr\bin\java.dll
Event: 1.548 Loaded shared library D:\Android\jbr\bin\verify.dll

Deoptimization events (20 events):
Event: 85.401 Thread 0x00000164cac75950 DEOPT PACKING pc=0x00000164b9eb7498 sp=0x0000003f7f8fd480
Event: 85.401 Thread 0x00000164cac75950 DEOPT UNPACKING pc=0x00000164b98e699d sp=0x0000003f7f8fd448 mode 2
Event: 85.403 Thread 0x00000164cac7a180 Uncommon trap: trap_request=0xffffffde fr.pc=0x00000164ba0890e8 relative=0x0000000000000248
Event: 85.403 Thread 0x00000164cac7a180 Uncommon trap: reason=class_check action=maybe_recompile pc=0x00000164ba0890e8 method=java.util.stream.StreamOpFlag.fromCharacteristics(Ljava/util/Spliterator;)I @ 14 c2
Event: 85.403 Thread 0x00000164cac7a180 DEOPT PACKING pc=0x00000164ba0890e8 sp=0x0000003f7f9fe270
Event: 85.403 Thread 0x00000164cac7a180 DEOPT UNPACKING pc=0x00000164b98e699d sp=0x0000003f7f9fe158 mode 2
Event: 85.575 Thread 0x00000164cac7a180 Uncommon trap: trap_request=0xffffffc6 fr.pc=0x00000164b9eb7498 relative=0x0000000000000058
Event: 85.575 Thread 0x00000164cac7a180 Uncommon trap: reason=bimorphic_or_optimized_type_check action=maybe_recompile pc=0x00000164b9eb7498 method=java.util.AbstractQueue.add(Ljava/lang/Object;)Z @ 2 c2
Event: 85.575 Thread 0x00000164cac7a180 DEOPT PACKING pc=0x00000164b9eb7498 sp=0x0000003f7f9fe320
Event: 85.575 Thread 0x00000164cac7a180 DEOPT UNPACKING pc=0x00000164b98e699d sp=0x0000003f7f9fe2e8 mode 2
Event: 85.577 Thread 0x00000164cac7a180 Uncommon trap: trap_request=0xffffffde fr.pc=0x00000164b9f35b48 relative=0x0000000000000228
Event: 85.577 Thread 0x00000164cac7a180 Uncommon trap: reason=class_check action=maybe_recompile pc=0x00000164b9f35b48 method=java.util.stream.StreamOpFlag.fromCharacteristics(Ljava/util/Spliterator;)I @ 14 c2
Event: 85.577 Thread 0x00000164cac7a180 DEOPT PACKING pc=0x00000164b9f35b48 sp=0x0000003f7f9fe210
Event: 85.577 Thread 0x00000164cac7a180 DEOPT UNPACKING pc=0x00000164b98e699d sp=0x0000003f7f9fe160 mode 2
Event: 85.583 Thread 0x00000164cac7a180 Uncommon trap: trap_request=0xffffffde fr.pc=0x00000164b9f36600 relative=0x0000000000000060
Event: 85.583 Thread 0x00000164cac7a180 Uncommon trap: reason=class_check action=maybe_recompile pc=0x00000164b9f36600 method=java.util.stream.StreamOpFlag.fromCharacteristics(Ljava/util/Spliterator;)I @ 14 c2
Event: 85.583 Thread 0x00000164cac7a180 DEOPT PACKING pc=0x00000164b9f36600 sp=0x0000003f7f9fe1c0
Event: 85.583 Thread 0x00000164cac7a180 DEOPT UNPACKING pc=0x00000164b98e699d sp=0x0000003f7f9fe158 mode 2
Event: 86.967 Thread 0x00000164cbef74e0 DEOPT PACKING pc=0x00000164b2d814d1 sp=0x0000003f7caf9140
Event: 86.967 Thread 0x00000164cbef74e0 DEOPT UNPACKING pc=0x00000164b98e7124 sp=0x0000003f7caf8638 mode 0

Classes unloaded (0 events):
No events

Classes redefined (0 events):
No events

Internal exceptions (20 events):
Event: 72.679 Thread 0x00000164cbef74e0 Exception <a 'java/lang/ClassNotFoundException'{0x00000000841fcb70}: org/gradle/api/internal/DefaultNamedDomainObjectListBeanInfo> (0x00000000841fcb70) 
thrown [s\src\hotspot\share\classfile\systemDictionary.cpp, line 256]
Event: 72.689 Thread 0x00000164cbef74e0 Exception <a 'java/lang/ClassNotFoundException'{0x0000000085110ba8}: org/gradle/api/internal/DefaultNamedDomainObjectCollectionBeanInfo> (0x0000000085110ba8) 
thrown [s\src\hotspot\share\classfile\systemDictionary.cpp, line 256]
Event: 72.690 Thread 0x00000164cbef74e0 Exception <a 'java/lang/ClassNotFoundException'{0x0000000085124bc0}: org/gradle/api/internal/DefaultDomainObjectCollectionBeanInfo> (0x0000000085124bc0) 
thrown [s\src\hotspot\share\classfile\systemDictionary.cpp, line 256]
Event: 72.692 Thread 0x00000164cbef74e0 Exception <a 'java/lang/ClassNotFoundException'{0x0000000085138e80}: org/gradle/api/internal/DefaultDomainObjectCollectionCustomizer> (0x0000000085138e80) 
thrown [s\src\hotspot\share\classfile\systemDictionary.cpp, line 256]
Event: 72.696 Thread 0x00000164cbef74e0 Exception <a 'java/lang/ClassNotFoundException'{0x000000008516db20}: org/gradle/api/internal/DefaultNamedDomainObjectCollectionCustomizer> (0x000000008516db20) 
thrown [s\src\hotspot\share\classfile\systemDictionary.cpp, line 256]
Event: 72.701 Thread 0x00000164cbef74e0 Exception <a 'java/lang/ClassNotFoundException'{0x00000000851a9ed0}: org/gradle/api/internal/DefaultNamedDomainObjectListCustomizer> (0x00000000851a9ed0) 
thrown [s\src\hotspot\share\classfile\systemDictionary.cpp, line 256]
Event: 72.704 Thread 0x00000164cbef74e0 Exception <a 'java/lang/ClassNotFoundException'{0x00000000851da988}: org/gradle/api/internal/artifacts/DefaultArtifactRepositoryContainerCustomizer> (0x00000000851da988) 
thrown [s\src\hotspot\share\classfile\systemDictionary.cpp, line 256]
Event: 72.706 Thread 0x00000164cbef74e0 Exception <a 'java/lang/ClassNotFoundException'{0x0000000085002fa8}: org/gradle/api/internal/artifacts/dsl/DefaultRepositoryHandlerCustomizer> (0x0000000085002fa8) 
thrown [s\src\hotspot\share\classfile\systemDictionary.cpp, line 256]
Event: 72.714 Thread 0x00000164cbef74e0 Exception <a 'java/lang/ClassNotFoundException'{0x00000000850390c0}: org/gradle/api/internal/artifacts/dsl/DefaultRepositoryHandler_DecoratedCustomizer> (0x00000000850390c0) 
thrown [s\src\hotspot\share\classfile\systemDictionary.cpp, line 256]
Event: 72.789 Thread 0x00000164cbef74e0 Exception <a 'java/lang/ClassNotFoundException'{0x00000000850dfdd0}: org/gradle/api/internal/artifacts/dsl/dependencies/DefaultDependencyHandler_DecoratedBeanInfo> (0x00000000850dfdd0) 
thrown [s\src\hotspot\share\classfile\systemDictionary.cpp, line 256]
Event: 72.790 Thread 0x00000164cbef74e0 Exception <a 'java/lang/ClassNotFoundException'{0x00000000850f5308}: org/gradle/api/internal/artifacts/dsl/dependencies/DefaultDependencyHandlerBeanInfo> (0x00000000850f5308) 
thrown [s\src\hotspot\share\classfile\systemDictionary.cpp, line 256]
Event: 72.797 Thread 0x00000164cbef74e0 Exception <a 'java/lang/ClassNotFoundException'{0x000000008510ad18}: org/gradle/api/internal/artifacts/dsl/dependencies/DefaultDependencyHandlerCustomizer> (0x000000008510ad18) 
thrown [s\src\hotspot\share\classfile\systemDictionary.cpp, line 256]
Event: 72.803 Thread 0x00000164cbef74e0 Exception <a 'java/lang/ClassNotFoundException'{0x0000000085148808}: org/gradle/api/internal/artifacts/dsl/dependencies/DefaultDependencyHandler_DecoratedCustomizer> (0x0000000085148808) 
thrown [s\src\hotspot\share\classfile\systemDictionary.cpp, line 256]
Event: 73.256 Thread 0x00000164cbef74e0 Exception <a 'java/lang/NoSuchMethodError'{0x0000000084b7cb50}: 'java.lang.Object java.lang.invoke.DirectMethodHandle$Holder.newInvokeSpecial(java.lang.Object, java.lang.Object, int)'> (0x0000000084b7cb50) 
thrown [s\src\hotspot\share\interpreter\linkResolver.cpp, line 771]
Event: 79.295 Thread 0x00000164cac75950 Exception <a 'java/lang/NoSuchMethodError'{0x000000008408c4e0}: 'java.lang.Object java.lang.invoke.Invokers$Holder.linkToTargetMethod(java.lang.Object, java.lang.Object, java.lang.Object, int, java.lang.Object, java.lang.Object)'> (0x000000008408c4e0) 
thrown [s\src\hotspot\share\interpreter\linkResolver.cpp, line 771]
Event: 79.924 Thread 0x00000164cac75950 Implicit null exception at 0x00000164b9e3fe57 to 0x00000164b9e3ffe8
Event: 79.953 Thread 0x00000164cac75950 Exception <a 'java/lang/NoSuchMethodError'{0x0000000085185b70}: 'int java.lang.invoke.DirectMethodHandle$Holder.invokeSpecial(java.lang.Object, java.lang.Object, java.lang.Object, java.lang.Object, java.lang.Object)'> (0x0000000085185b70) 
thrown [s\src\hotspot\share\interpreter\linkResolver.cpp, line 771]
Event: 85.416 Thread 0x00000164cac7a180 Exception <a 'java/lang/NoSuchMethodError'{0x0000000089fe71b0}: 'void java.lang.invoke.DirectMethodHandle$Holder.invokeInterface(java.lang.Object, java.lang.Object, java.lang.Object, java.lang.Object)'> (0x0000000089fe71b0) 
thrown [s\src\hotspot\share\interpreter\linkResolver.cpp, line 771]
Event: 87.211 Thread 0x00000164cbef74e0 Exception <a 'java/lang/ClassNotFoundException'{0x000000008900ea38}: build_2ww6yvtlx1k8736vlasnv5ua6BeanInfo> (0x000000008900ea38) 
thrown [s\src\hotspot\share\classfile\systemDictionary.cpp, line 256]
Event: 87.211 Thread 0x00000164cbef74e0 Exception <a 'java/lang/ClassNotFoundException'{0x00000000890155d8}: build_2ww6yvtlx1k8736vlasnv5ua6Customizer> (0x00000000890155d8) 
thrown [s\src\hotspot\share\classfile\systemDictionary.cpp, line 256]

VM Operations (20 events):
Event: 83.018 Executing VM operation: Cleanup
Event: 83.019 Executing VM operation: Cleanup done
Event: 83.085 Executing VM operation: G1CollectForAllocation
Event: 83.093 Executing VM operation: G1CollectForAllocation done
Event: 83.105 Executing VM operation: HandshakeAllThreads
Event: 83.105 Executing VM operation: HandshakeAllThreads done
Event: 84.111 Executing VM operation: Cleanup
Event: 84.142 Executing VM operation: Cleanup done
Event: 84.246 Executing VM operation: HandshakeAllThreads
Event: 84.246 Executing VM operation: HandshakeAllThreads done
Event: 85.271 Executing VM operation: Cleanup
Event: 85.271 Executing VM operation: Cleanup done
Event: 85.637 Executing VM operation: HandshakeAllThreads
Event: 85.769 Executing VM operation: HandshakeAllThreads done
Event: 86.692 Executing VM operation: ICBufferFull
Event: 86.692 Executing VM operation: ICBufferFull done
Event: 87.696 Executing VM operation: Cleanup
Event: 87.697 Executing VM operation: Cleanup done
Event: 88.712 Executing VM operation: Cleanup
Event: 88.735 Executing VM operation: Cleanup done

Events (20 events):
Event: 77.639 loading class java/util/TreeMap$NavigableSubMap$SubMapIterator
Event: 77.640 loading class java/util/TreeMap$NavigableSubMap$SubMapIterator done
Event: 77.640 loading class java/util/TreeMap$NavigableSubMap$DescendingSubMapKeyIterator done
Event: 78.991 loading class java/util/IdentityHashMap$KeyIterator
Event: 78.991 loading class java/util/IdentityHashMap$IdentityHashMapIterator
Event: 78.991 loading class java/util/IdentityHashMap$IdentityHashMapIterator done
Event: 78.991 loading class java/util/IdentityHashMap$KeyIterator done
Event: 79.211 Thread 0x00000164cac75950 Thread added: 0x00000164cac75950
Event: 79.276 Thread 0x00000164cac7a180 Thread added: 0x00000164cac7a180
Event: 79.330 Thread 0x00000164cac784a0 Thread added: 0x00000164cac784a0
Event: 79.465 loading class java/util/TreeMap$KeySpliterator
Event: 79.465 loading class java/util/TreeMap$TreeMapSpliterator
Event: 79.466 loading class java/util/TreeMap$TreeMapSpliterator done
Event: 79.466 loading class java/util/TreeMap$KeySpliterator done
Event: 82.186 loading class java/io/NotSerializableException
Event: 82.186 loading class java/io/NotSerializableException done
Event: 85.776 Thread 0x00000164c87d7590 flushing nmethod 0x00000164b2868d10
Event: 85.778 Thread 0x00000164c87d7590 flushing nmethod 0x00000164b2bf4810
Event: 85.802 loading class java/util/concurrent/ConcurrentLinkedQueue$Itr
Event: 85.802 loading class java/util/concurrent/ConcurrentLinkedQueue$Itr done


Dynamic libraries:
0x00007ff6c5d20000 - 0x00007ff6c5d2a000 	D:\Android\jbr\bin\java.exe
0x00007ffa0fd50000 - 0x00007ffa0ff45000 	C:\WINDOWS\SYSTEM32\ntdll.dll
0x00007ffa0e960000 - 0x00007ffa0ea1e000 	C:\WINDOWS\System32\KERNEL32.DLL
0x00007ffa0d6c0000 - 0x00007ffa0d988000 	C:\WINDOWS\System32\KERNELBASE.dll
0x00007ffa0dc70000 - 0x00007ffa0dd70000 	C:\WINDOWS\System32\ucrtbase.dll
0x00007ffa06e30000 - 0x00007ffa06e47000 	D:\Android\jbr\bin\jli.dll
0x00007ffa0e700000 - 0x00007ffa0e8a1000 	C:\WINDOWS\System32\USER32.dll
0x00007ffa0daa0000 - 0x00007ffa0dac2000 	C:\WINDOWS\System32\win32u.dll
0x00007ffa0e6d0000 - 0x00007ffa0e6fb000 	C:\WINDOWS\System32\GDI32.dll
0x00007ffa0d990000 - 0x00007ffa0da9b000 	C:\WINDOWS\System32\gdi32full.dll
0x00007ffa0d620000 - 0x00007ffa0d6bd000 	C:\WINDOWS\System32\msvcp_win.dll
0x00007ffa06c70000 - 0x00007ffa06c8b000 	D:\Android\jbr\bin\VCRUNTIME140.dll
0x00007ff9f8a30000 - 0x00007ff9f8cca000 	C:\WINDOWS\WinSxS\amd64_microsoft.windows.common-controls_6595b64144ccf1df_6.0.19041.1110_none_60b5254171f9507e\COMCTL32.dll
0x00007ffa0e5b0000 - 0x00007ffa0e64e000 	C:\WINDOWS\System32\msvcrt.dll
0x00007ffa0def0000 - 0x00007ffa0df20000 	C:\WINDOWS\System32\IMM32.DLL
0x00007ffa0a2e0000 - 0x00007ffa0a2ec000 	D:\Android\jbr\bin\vcruntime140_1.dll
0x00007ff9d4c20000 - 0x00007ff9d4cad000 	D:\Android\jbr\bin\msvcp140.dll
0x00007ff9c0fb0000 - 0x00007ff9c1c1d000 	D:\Android\jbr\bin\server\jvm.dll
0x00007ffa0e2d0000 - 0x00007ffa0e37c000 	C:\WINDOWS\System32\ADVAPI32.dll
0x00007ffa0e460000 - 0x00007ffa0e4fb000 	C:\WINDOWS\System32\sechost.dll
0x00007ffa0eb00000 - 0x00007ffa0ec2a000 	C:\WINDOWS\System32\RPCRT4.dll
0x00007ff9fc320000 - 0x00007ff9fc329000 	C:\WINDOWS\SYSTEM32\WSOCK32.dll
0x00007ffa0ea20000 - 0x00007ffa0ea8b000 	C:\WINDOWS\System32\WS2_32.dll
0x00007ff9ec0a0000 - 0x00007ff9ec0c7000 	C:\WINDOWS\SYSTEM32\WINMM.dll
0x00007ffa06ae0000 - 0x00007ffa06aea000 	C:\WINDOWS\SYSTEM32\VERSION.dll
0x00007ffa0bd00000 - 0x00007ffa0bd12000 	C:\WINDOWS\SYSTEM32\kernel.appcore.dll
0x00007ffa06e20000 - 0x00007ffa06e2a000 	D:\Android\jbr\bin\jimage.dll
0x00007ffa0b9c0000 - 0x00007ffa0bba4000 	C:\WINDOWS\SYSTEM32\DBGHELP.DLL
0x00007ff9f4c00000 - 0x00007ff9f4c2c000 	C:\WINDOWS\SYSTEM32\dbgcore.DLL
0x00007ffa0dbe0000 - 0x00007ffa0dc63000 	C:\WINDOWS\System32\bcryptPrimitives.dll
0x00007ff9d8230000 - 0x00007ff9d8255000 	D:\Android\jbr\bin\java.dll
0x00007ff9e7db0000 - 0x00007ff9e7dc8000 	D:\Android\jbr\bin\zip.dll
0x00007ffa0ec40000 - 0x00007ffa0f37f000 	C:\WINDOWS\System32\SHELL32.dll
0x00007ffa0b160000 - 0x00007ffa0b8f0000 	C:\WINDOWS\SYSTEM32\windows.storage.dll
0x00007ffa0f380000 - 0x00007ffa0f6d5000 	C:\WINDOWS\System32\combase.dll
0x00007ffa0cdf0000 - 0x00007ffa0ce1e000 	C:\WINDOWS\SYSTEM32\Wldp.dll
0x00007ffa0e500000 - 0x00007ffa0e5ad000 	C:\WINDOWS\System32\SHCORE.dll
0x00007ffa0e270000 - 0x00007ffa0e2c5000 	C:\WINDOWS\System32\shlwapi.dll
0x00007ffa0d3b0000 - 0x00007ffa0d3cf000 	C:\WINDOWS\SYSTEM32\profapi.dll
0x00007ff9d67c0000 - 0x00007ff9d67d9000 	D:\Android\jbr\bin\net.dll
0x00007ff9fdf40000 - 0x00007ff9fe04c000 	C:\WINDOWS\SYSTEM32\WINHTTP.dll
0x00007ffa0cb00000 - 0x00007ffa0cb6a000 	C:\WINDOWS\system32\mswsock.dll
0x00007ff9d67a0000 - 0x00007ff9d67b6000 	D:\Android\jbr\bin\nio.dll
0x00007ffa077a0000 - 0x00007ffa077b0000 	D:\Android\jbr\bin\verify.dll
0x00007ff9d66b0000 - 0x00007ff9d66d7000 	C:\Users\Luiss\.gradle\native\e1d6ef7f7dcc3fd88c89a11ec53ec762bb8ba0a96d01ffa2cd45eb1d1d8dd5c5\windows-amd64\native-platform.dll
0x00007ff9d4e90000 - 0x00007ff9d4fd4000 	C:\Users\Luiss\.gradle\native\0d407fdbe67a94daf76414ababcb853783967236a71b16ec16e742cd7a986fd3\windows-amd64\native-platform-file-events.dll
0x00007ffa07780000 - 0x00007ffa07789000 	D:\Android\jbr\bin\management.dll
0x00007ff9f95d0000 - 0x00007ff9f95db000 	D:\Android\jbr\bin\management_ext.dll
0x00007ffa0ea90000 - 0x00007ffa0ea98000 	C:\WINDOWS\System32\PSAPI.DLL
0x00007ffa0cd20000 - 0x00007ffa0cd38000 	C:\WINDOWS\SYSTEM32\CRYPTSP.dll
0x00007ffa0c490000 - 0x00007ffa0c4c4000 	C:\WINDOWS\system32\rsaenh.dll
0x00007ffa0dd70000 - 0x00007ffa0dd97000 	C:\WINDOWS\System32\bcrypt.dll
0x00007ffa0d330000 - 0x00007ffa0d35e000 	C:\WINDOWS\SYSTEM32\USERENV.dll
0x00007ffa0cd40000 - 0x00007ffa0cd4c000 	C:\WINDOWS\SYSTEM32\CRYPTBASE.dll
0x00007ffa0c800000 - 0x00007ffa0c83b000 	C:\WINDOWS\SYSTEM32\IPHLPAPI.DLL
0x00007ffa0e0b0000 - 0x00007ffa0e0b8000 	C:\WINDOWS\System32\NSI.dll
0x00007ffa05220000 - 0x00007ffa05237000 	C:\WINDOWS\SYSTEM32\dhcpcsvc6.DLL
0x00007ffa05380000 - 0x00007ffa0539d000 	C:\WINDOWS\SYSTEM32\dhcpcsvc.DLL
0x00007ffa0c850000 - 0x00007ffa0c91b000 	C:\WINDOWS\SYSTEM32\DNSAPI.dll
0x00007ff9d6790000 - 0x00007ff9d6797000 	C:\WINDOWS\system32\wshunix.dll

dbghelp: loaded successfully - version: 4.0.5 - missing functions: none
symbol engine: initialized successfully - sym options: 0x614 - pdb path: .;D:\Android\jbr\bin;C:\WINDOWS\SYSTEM32;C:\WINDOWS\WinSxS\amd64_microsoft.windows.common-controls_6595b64144ccf1df_6.0.19041.1110_none_60b5254171f9507e;D:\Android\jbr\bin\server;C:\Users\Luiss\.gradle\native\e1d6ef7f7dcc3fd88c89a11ec53ec762bb8ba0a96d01ffa2cd45eb1d1d8dd5c5\windows-amd64;C:\Users\Luiss\.gradle\native\0d407fdbe67a94daf76414ababcb853783967236a71b16ec16e742cd7a986fd3\windows-amd64

VM Arguments:
jvm_args: -XX:MaxMetaspaceSize=512m --add-opens=java.base/java.util=ALL-UNNAMED --add-opens=java.base/java.lang=ALL-UNNAMED --add-opens=java.base/java.lang.invoke=ALL-UNNAMED --add-opens=java.base/java.util=ALL-UNNAMED --add-opens=java.prefs/java.util.prefs=ALL-UNNAMED --add-opens=java.prefs/java.util.prefs=ALL-UNNAMED --add-opens=java.base/java.nio.charset=ALL-UNNAMED --add-opens=java.base/java.net=ALL-UNNAMED --add-opens=java.base/java.util.concurrent.atomic=ALL-UNNAMED -Xmx2048m -Dfile.encoding=windows-1252 -Duser.country=MX -Duser.language=es -Duser.variant 
java_command: org.gradle.launcher.daemon.bootstrap.GradleDaemon 7.5.1
java_class_path (initial): C:\Users\Luiss\.gradle\wrapper\dists\gradle-7.5.1-all\1ehga6e77gqps5uk2kc5kf1vc\gradle-7.5.1\lib\gradle-launcher-7.5.1.jar
Launcher Type: SUN_STANDARD

[Global flags]
     intx CICompilerCount                          = 2                                         {product} {ergonomic}
   size_t CompressedClassSpaceSize                 = 432013312                                 {product} {ergonomic}
     uint ConcGCThreads                            = 1                                         {product} {ergonomic}
     uint G1ConcRefinementThreads                  = 2                                         {product} {ergonomic}
   size_t G1HeapRegionSize                         = 1048576                                   {product} {ergonomic}
    uintx GCDrainStackTargetSize                   = 64                                        {product} {ergonomic}
   size_t InitialHeapSize                          = 65011712                                  {product} {ergonomic}
   size_t MarkStackSize                            = 4194304                                   {product} {ergonomic}
   size_t MaxHeapSize                              = 2147483648                                {product} {command line}
   size_t MaxMetaspaceSize                         = 536870912                                 {product} {command line}
   size_t MaxNewSize                               = 1287651328                                {product} {ergonomic}
   size_t MinHeapDeltaBytes                        = 1048576                                   {product} {ergonomic}
   size_t MinHeapSize                              = 8388608                                   {product} {ergonomic}
    uintx NonNMethodCodeHeapSize                   = 5826188                                {pd product} {ergonomic}
    uintx NonProfiledCodeHeapSize                  = 122916026                              {pd product} {ergonomic}
    uintx ProfiledCodeHeapSize                     = 122916026                              {pd product} {ergonomic}
    uintx ReservedCodeCacheSize                    = 251658240                              {pd product} {ergonomic}
     bool SegmentedCodeCache                       = true                                      {product} {ergonomic}
   size_t SoftMaxHeapSize                          = 2147483648                             {manageable} {ergonomic}
     bool UseCompressedClassPointers               = true                           {product lp64_product} {ergonomic}
     bool UseCompressedOops                        = true                           {product lp64_product} {ergonomic}
     bool UseG1GC                                  = true                                      {product} {ergonomic}
     bool UseLargePagesIndividualAllocation        = false                                  {pd product} {ergonomic}

Logging:
Log output configuration:
 #0: stdout all=warning uptime,level,tags
 #1: stderr all=off uptime,level,tags

Environment Variables:
JAVA_HOME=D:/Android/jbr
CLASSPATH=C:\Proyectos\AlcanciaAppRN\android\\gradle\wrapper\gradle-wrapper.jar
PATH=C:\Proyectos\AlcanciaAppRN\android\node_modules\.bin;C:\Proyectos\AlcanciaAppRN\node_modules\.bin;C:\Proyectos\node_modules\.bin;C:\node_modules\.bin;C:\Program Files\nodejs;C:\Proyectos\AlcanciaAppRN\node_modules\.bin;C:\Proyectos\AlcanciaAppRN\node_modules\.bin;C:\Proyectos\node_modules\.bin;C:\node_modules\.bin;C:\Proyectos\AlcanciaAppRN\node_modules\npm\node_modules\@npmcli\run-script\lib\node-gyp-bin;C:\Proyectos\AlcanciaAppRN\node_modules\.bin;C:\Proyectos\node_modules\.bin;C:\node_modules\.bin;C:\Program Files\nodejs;C:\Proyectos\AlcanciaAppRN\node_modules\react-native\scripts\node_modules\.bin;C:\Proyectos\AlcanciaAppRN\node_modules\react-native\node_modules\.bin;C:\Proyectos\AlcanciaAppRN\node_modules\node_modules\.bin;C:\Proyectos\AlcanciaAppRN\node_modules\.bin;C:\Proyectos\node_modules\.bin;C:\node_modules\.bin;C:\Program Files\nodejs;C:\Proyectos\AlcanciaAppRN\node_modules\.bin;C:\Proyectos\AlcanciaAppRN\node_modules\.bin;C:\Proyectos\node_modules\.bin;C:\node_modules\.bin;C:\Users\Luiss\AppData\Roaming\npm\node_modules\npm\node_modules\@npmcli\run-script\lib\node-gyp-bin;C:\Oracle21c\dbhomeXE\bin;D:\Oracle21c\dbhomeXE\bin;D:\oracle\Oraclebasededatos\dbhomeXE\bin;C:\WINDOWS\system32;C:\WINDOWS;C:\WINDOWS\System32\Wbem;C:\WINDOWS\System32\WindowsPowerShell\v1.0\;C:\Program Files (x86)\Microsoft SQL Server\150\Tools\Binn\;C:\Program Files\Microsoft SQL Server\150\Tools\Binn\;C:\Program Files\Microsoft SQL Server\150\DTS\Binn\;C:\Program Files\Microsoft SQL Server\Client SDK\ODBC\170\Tools\Binn\;C:\WINDOWS\System32\OpenSSH\;C:\ProgramData\chocolatey\bin;D:\Git\cmd;C:\root\.local\share\JetBrains\PyCharm2021.3\Kunpeng-DevKit-IDE-hyper-tuner-plugin\log\ide.log;\root\.local\share\JetBrains\PyCharm2021.3\Kunpeng-DevKit-IDE-hyper-tuner-plugin\log\ide.log;file:\root\.local\share\JetBrains\PyCharm2021.3\Kunpeng-DevKit-IDE-hyper-tuner-plugin\log\ide.log;C:\Program Files\nodejs\;C:\xampp\php;C:\composer;C:\Users\Luiss\AppData\Local\Microsoft\WindowsApps;C:\Program
USERNAME=Luiss
LANG=en_US.UTF-8
OS=Windows_NT
PROCESSOR_IDENTIFIER=Intel64 Family 6 Model 122 Stepping 8, GenuineIntel
TMP=C:\Users\Luiss\AppData\Local\Temp
TEMP=C:\Users\Luiss\AppData\Local\Temp



---------------  S Y S T E M  ---------------

OS:
 Windows 10 , 64 bit Build 19041 (10.0.19041.1348)
OS uptime: 0 days 1:01 hours
Hyper-V role detected

CPU: total 2 (initial active 2) (2 cores per cpu, 1 threads per core) family 6 model 122 stepping 8 microcode 0xc, cx8, cmov, fxsr, mmx, 3dnowpref, sse, sse2, sse3, ssse3, sse4.1, sse4.2, popcnt, tsc, tscinvbit, aes, erms, clmul, sha, clflush, clflushopt, hv

Memory: 4k page, system-wide physical 3899M (278M free)
TotalPageFile size 6598M (AvailPageFile size 6M)
current process WorkingSet (physical memory assigned to process): 304M, peak: 305M
current process commit charge ("private bytes"): 389M, peak: 391M

vm_info: OpenJDK 64-Bit Server VM (17.0.6+0-b2043.56-9586694) for windows-amd64 JRE (17.0.6+0-b2043.56-9586694), built on Feb  9 2023 20:06:20 by "androidbuild" with MS VC++ 16.10 / 16.11 (VS2019)

END.
