#
# There is insufficient memory for the Java Runtime Environment to continue.
# Native memory allocation (malloc) failed to allocate 1083936 bytes for Chunk::new
# Possible reasons:
#   The system is out of physical RAM or swap space
#   The process is running with CompressedOops enabled, and the Java Heap may be blocking the growth of the native heap
# Possible solutions:
#   Reduce memory load on the system
#   Increase physical memory or swap space
#   Check if swap backing store is full
#   Decrease Java heap size (-Xmx/-Xms)
#   Decrease number of Java threads
#   Decrease Java thread stack sizes (-Xss)
#   Set larger code cache with -XX:ReservedCodeCacheSize=
#   JVM is running with Unscaled Compressed Oops mode in which the Java heap is
#     placed in the first 4GB address space. The Java Heap base address is the
#     maximum limit for the native heap growth. Please use -XX:HeapBaseMinAddress
#     to set the Java Heap base and to place the Java Heap above 4GB virtual address.
# This output file may be truncated or incomplete.
#
#  Out of Memory Error (arena.cpp:189), pid=2744, tid=7040
#
# JRE version: OpenJDK Runtime Environment (17.0.6) (build 17.0.6+0-b2043.56-9586694)
# Java VM: OpenJDK 64-Bit Server VM (17.0.6+0-b2043.56-9586694, mixed mode, tiered, compressed oops, compressed class ptrs, g1 gc, windows-amd64)
# No core dump will be written. Minidumps are not enabled by default on client versions of Windows
#

---------------  S U M M A R Y ------------

Command Line: -XX:MaxMetaspaceSize=512m --add-opens=java.base/java.util=ALL-UNNAMED --add-opens=java.base/java.lang=ALL-UNNAMED --add-opens=java.base/java.lang.invoke=ALL-UNNAMED --add-opens=java.base/java.util=ALL-UNNAMED --add-opens=java.prefs/java.util.prefs=ALL-UNNAMED --add-opens=java.prefs/java.util.prefs=ALL-UNNAMED --add-opens=java.base/java.nio.charset=ALL-UNNAMED --add-opens=java.base/java.net=ALL-UNNAMED --add-opens=java.base/java.util.concurrent.atomic=ALL-UNNAMED -Xmx2048m -Dfile.encoding=windows-1252 -Duser.country=MX -Duser.language=es -Duser.variant org.gradle.launcher.daemon.bootstrap.GradleDaemon 7.5.1

Host: Intel(R) Celeron(R) N4020 CPU @ 1.10GHz, 2 cores, 3G,  Windows 10 , 64 bit Build 19041 (10.0.19041.1348)
Time: Wed Jun 21 14:48:19 2023 Hora de verano central (México) elapsed time: 57.483057 seconds (0d 0h 0m 57s)

---------------  T H R E A D  ---------------

Current thread (0x000002547d02f760):  JavaThread "C2 CompilerThread0" daemon [_thread_in_native, id=7040, stack(0x000000d005800000,0x000000d005900000)]


Current CompileTask:
C2:  57483 3504   !   4       java.net.URLClassLoader::findClass (47 bytes)

Stack: [0x000000d005800000,0x000000d005900000]
Native frames: (J=compiled Java code, j=interpreted, Vv=VM code, C=native code)
V  [jvm.dll+0x683b4a]
V  [jvm.dll+0x842654]
V  [jvm.dll+0x843dfe]
V  [jvm.dll+0x844463]
V  [jvm.dll+0x249b75]
V  [jvm.dll+0xabcac]
V  [jvm.dll+0xac27c]
V  [jvm.dll+0x2b0eef]
V  [jvm.dll+0x58a207]
V  [jvm.dll+0x2243b2]
V  [jvm.dll+0x22478f]
V  [jvm.dll+0x21e055]
V  [jvm.dll+0x21b51b]
V  [jvm.dll+0x1a4fdd]
V  [jvm.dll+0x22b098]
V  [jvm.dll+0x229159]
V  [jvm.dll+0x7f809c]
V  [jvm.dll+0x7f25fa]
V  [jvm.dll+0x682985]
C  [ucrtbase.dll+0x21bb2]
C  [KERNEL32.DLL+0x17034]
C  [ntdll.dll+0x52651]


---------------  P R O C E S S  ---------------

Threads class SMR info:
_java_thread_list=0x0000025410574660, length=34, elements={
0x0000025472f515b0, 0x000002547cfbdf50, 0x000002547cfbecd0, 0x000002547d02d130,
0x000002547d02d9f0, 0x000002547d02e2b0, 0x000002547d02eb70, 0x000002547d02f760,
0x000002547d032120, 0x000002547d03a1e0, 0x000002547dd49880, 0x000002547dd4dd70,
0x000002547ece5020, 0x000002547df2d5b0, 0x000002547f469020, 0x000002547f71b3b0,
0x000002547e0ea300, 0x000002547f7b2920, 0x000002547f6be750, 0x000002547df5cae0,
0x000002547df5ae00, 0x000002547df5b2d0, 0x000002547df5d480, 0x000002547df5cfb0,
0x000002547df59ac0, 0x000002547df5bc70, 0x000002547df5a460, 0x000002547df5a930,
0x000002547df5c140, 0x000002547df5c610, 0x000002540feed880, 0x000002540feedd50,
0x000002540feef560, 0x000002540feecee0
}

Java Threads: ( => current thread )
  0x0000025472f515b0 JavaThread "main" [_thread_blocked, id=5060, stack(0x000000d004a00000,0x000000d004b00000)]
  0x000002547cfbdf50 JavaThread "Reference Handler" daemon [_thread_blocked, id=9448, stack(0x000000d005200000,0x000000d005300000)]
  0x000002547cfbecd0 JavaThread "Finalizer" daemon [_thread_blocked, id=6680, stack(0x000000d005300000,0x000000d005400000)]
  0x000002547d02d130 JavaThread "Signal Dispatcher" daemon [_thread_blocked, id=1008, stack(0x000000d005400000,0x000000d005500000)]
  0x000002547d02d9f0 JavaThread "Attach Listener" daemon [_thread_blocked, id=8108, stack(0x000000d005500000,0x000000d005600000)]
  0x000002547d02e2b0 JavaThread "Service Thread" daemon [_thread_blocked, id=9496, stack(0x000000d005600000,0x000000d005700000)]
  0x000002547d02eb70 JavaThread "Monitor Deflation Thread" daemon [_thread_blocked, id=700, stack(0x000000d005700000,0x000000d005800000)]
=>0x000002547d02f760 JavaThread "C2 CompilerThread0" daemon [_thread_in_native, id=7040, stack(0x000000d005800000,0x000000d005900000)]
  0x000002547d032120 JavaThread "C1 CompilerThread0" daemon [_thread_blocked, id=7372, stack(0x000000d005900000,0x000000d005a00000)]
  0x000002547d03a1e0 JavaThread "Sweeper thread" daemon [_thread_blocked, id=4928, stack(0x000000d005a00000,0x000000d005b00000)]
  0x000002547dd49880 JavaThread "Common-Cleaner" daemon [_thread_blocked, id=8168, stack(0x000000d005b00000,0x000000d005c00000)]
  0x000002547dd4dd70 JavaThread "Notification Thread" daemon [_thread_blocked, id=8588, stack(0x000000d005c00000,0x000000d005d00000)]
  0x000002547ece5020 JavaThread "Daemon health stats" [_thread_blocked, id=8892, stack(0x000000d005f00000,0x000000d006000000)]
  0x000002547df2d5b0 JavaThread "Incoming local TCP Connector on port 51498" [_thread_in_native, id=10932, stack(0x000000d006000000,0x000000d006100000)]
  0x000002547f469020 JavaThread "Daemon periodic checks" [_thread_blocked, id=8888, stack(0x000000d006100000,0x000000d006200000)]
  0x000002547f71b3b0 JavaThread "Daemon" [_thread_blocked, id=5084, stack(0x000000d006200000,0x000000d006300000)]
  0x000002547e0ea300 JavaThread "Handler for socket connection from /127.0.0.1:51498 to /127.0.0.1:51501" [_thread_in_native, id=6700, stack(0x000000d006300000,0x000000d006400000)]
  0x000002547f7b2920 JavaThread "Cancel handler" [_thread_blocked, id=9904, stack(0x000000d006400000,0x000000d006500000)]
  0x000002547f6be750 JavaThread "Daemon worker" [_thread_in_native, id=236, stack(0x000000d006500000,0x000000d006600000)]
  0x000002547df5cae0 JavaThread "Asynchronous log dispatcher for DefaultDaemonConnection: socket connection from /127.0.0.1:51498 to /127.0.0.1:51501" [_thread_blocked, id=4252, stack(0x000000d006600000,0x000000d006700000)]
  0x000002547df5ae00 JavaThread "Stdin handler" [_thread_blocked, id=2440, stack(0x000000d006700000,0x000000d006800000)]
  0x000002547df5b2d0 JavaThread "Daemon client event forwarder" [_thread_blocked, id=5184, stack(0x000000d006800000,0x000000d006900000)]
  0x000002547df5d480 JavaThread "Cache worker for journal cache (C:\Users\Luiss\.gradle\caches\journal-1)" [_thread_blocked, id=2524, stack(0x000000d006900000,0x000000d006a00000)]
  0x000002547df5cfb0 JavaThread "File lock request listener" [_thread_in_native, id=2860, stack(0x000000d006a00000,0x000000d006b00000)]
  0x000002547df59ac0 JavaThread "File lock release action executor" [_thread_blocked, id=10924, stack(0x000000d006b00000,0x000000d006c00000)]
  0x000002547df5bc70 JavaThread "Cache worker for file hash cache (C:\Users\Luiss\.gradle\caches\7.5.1\fileHashes)" [_thread_blocked, id=9952, stack(0x000000d006c00000,0x000000d006d00000)]
  0x000002547df5a460 JavaThread "File watcher server" daemon [_thread_in_native, id=7616, stack(0x000000d006d00000,0x000000d006e00000)]
  0x000002547df5a930 JavaThread "File watcher consumer" daemon [_thread_blocked, id=1600, stack(0x000000d006e00000,0x000000d006f00000)]
  0x000002547df5c140 JavaThread "Cache worker for checksums cache (C:\Proyectos\AlcanciaAppRN\android\.gradle\7.5.1\checksums)" [_thread_blocked, id=8736, stack(0x000000d006f00000,0x000000d007000000)]
  0x000002547df5c610 JavaThread "Cache worker for cache directory md-rule (C:\Users\Luiss\.gradle\caches\7.5.1\md-rule)" [_thread_blocked, id=6156, stack(0x000000d007000000,0x000000d007100000)]
  0x000002540feed880 JavaThread "Cache worker for file content cache (C:\Users\Luiss\.gradle\caches\7.5.1\fileContent)" [_thread_blocked, id=2360, stack(0x000000d007100000,0x000000d007200000)]
  0x000002540feedd50 JavaThread "Cache worker for file hash cache (C:\Proyectos\AlcanciaAppRN\android\.gradle\7.5.1\fileHashes)" [_thread_blocked, id=3932, stack(0x000000d007200000,0x000000d007300000)]
  0x000002540feef560 JavaThread "Cache worker for cache directory md-supplier (C:\Users\Luiss\.gradle\caches\7.5.1\md-supplier)" [_thread_blocked, id=7264, stack(0x000000d007300000,0x000000d007400000)]
  0x000002540feecee0 JavaThread "Cache worker for execution history cache (C:\Users\Luiss\.gradle\caches\7.5.1\executionHistory)" [_thread_blocked, id=832, stack(0x000000d007400000,0x000000d007500000)]

Other Threads:
  0x000002547cfd4280 VMThread "VM Thread" [stack: 0x000000d005100000,0x000000d005200000] [id=9320]
  0x000002547dd4e240 WatcherThread [stack: 0x000000d005d00000,0x000000d005e00000] [id=6040]
  0x0000025472fae3b0 GCTaskThread "GC Thread#0" [stack: 0x000000d004c00000,0x000000d004d00000] [id=10664]
  0x000002547df51650 GCTaskThread "GC Thread#1" [stack: 0x000000d005e00000,0x000000d005f00000] [id=9696]
  0x0000025472fbf200 ConcurrentGCThread "G1 Main Marker" [stack: 0x000000d004d00000,0x000000d004e00000] [id=10872]
  0x0000025472fbfb20 ConcurrentGCThread "G1 Conc#0" [stack: 0x000000d004e00000,0x000000d004f00000] [id=6236]
  0x0000025473003a60 ConcurrentGCThread "G1 Refine#0" [stack: 0x000000d004f00000,0x000000d005000000] [id=9960]
  0x0000025410039930 ConcurrentGCThread "G1 Refine#1" [stack: 0x000000d007500000,0x000000d007600000] [id=9508]
  0x0000025473004390 ConcurrentGCThread "G1 Service" [stack: 0x000000d005000000,0x000000d005100000] [id=9092]

Threads with active compile tasks:
C2 CompilerThread0    57549 3504   !   4       java.net.URLClassLoader::findClass (47 bytes)

VM state: not at safepoint (normal execution)

VM Mutex/Monitor currently owned by a thread: None

Heap address: 0x0000000080000000, size: 2048 MB, Compressed Oops mode: 32-bit

CDS archive(s) not mapped
Compressed class space mapped at: 0x0000000100000000-0x0000000119c00000, reserved size: 432013312
Narrow klass base: 0x0000000000000000, Narrow klass shift: 3, Narrow klass range: 0x119c00000

GC Precious Log:
 CPUs: 2 total, 2 available
 Memory: 3899M
 Large Page Support: Disabled
 NUMA Support: Disabled
 Compressed Oops: Enabled (32-bit)
 Heap Region Size: 1M
 Heap Min Capacity: 8M
 Heap Initial Capacity: 62M
 Heap Max Capacity: 2G
 Pre-touch: Disabled
 Parallel Workers: 2
 Concurrent Workers: 1
 Concurrent Refinement Workers: 2
 Periodic GC: Disabled

Heap:
 garbage-first heap   total 63488K, used 29628K [0x0000000080000000, 0x0000000100000000)
  region size 1024K, 8 young (8192K), 4 survivors (4096K)
 Metaspace       used 39120K, committed 39424K, reserved 462848K
  class space    used 5123K, committed 5248K, reserved 421888K

Heap Regions: E=young(eden), S=young(survivor), O=old, HS=humongous(starts), HC=humongous(continues), CS=collection set, F=free, OA=open archive, CA=closed archive, TAMS=top-at-mark-start (previous, next)
|   0|0x0000000080000000, 0x0000000080100000, 0x0000000080100000|100%| O|  |TAMS 0x0000000080100000, 0x0000000080000000| Untracked 
|   1|0x0000000080100000, 0x0000000080200000, 0x0000000080200000|100%|HS|  |TAMS 0x0000000080200000, 0x0000000080100000| Complete 
|   2|0x0000000080200000, 0x0000000080300000, 0x0000000080300000|100%|HC|  |TAMS 0x0000000080300000, 0x0000000080200000| Complete 
|   3|0x0000000080300000, 0x0000000080400000, 0x0000000080400000|100%|HC|  |TAMS 0x0000000080400000, 0x0000000080300000| Complete 
|   4|0x0000000080400000, 0x0000000080500000, 0x0000000080500000|100%| O|  |TAMS 0x0000000080500000, 0x0000000080400000| Untracked 
|   5|0x0000000080500000, 0x0000000080600000, 0x0000000080600000|100%| O|  |TAMS 0x0000000080600000, 0x0000000080500000| Untracked 
|   6|0x0000000080600000, 0x0000000080700000, 0x0000000080700000|100%| O|  |TAMS 0x0000000080700000, 0x0000000080600000| Untracked 
|   7|0x0000000080700000, 0x0000000080800000, 0x0000000080800000|100%| O|  |TAMS 0x0000000080800000, 0x0000000080700000| Untracked 
|   8|0x0000000080800000, 0x0000000080900000, 0x0000000080900000|100%| O|  |TAMS 0x0000000080900000, 0x0000000080800000| Untracked 
|   9|0x0000000080900000, 0x0000000080a00000, 0x0000000080a00000|100%| O|  |TAMS 0x0000000080a00000, 0x0000000080900000| Untracked 
|  10|0x0000000080a00000, 0x0000000080b00000, 0x0000000080b00000|100%| O|  |TAMS 0x0000000080b00000, 0x0000000080a00000| Untracked 
|  11|0x0000000080b00000, 0x0000000080c00000, 0x0000000080c00000|100%| O|  |TAMS 0x0000000080c00000, 0x0000000080b00000| Untracked 
|  12|0x0000000080c00000, 0x0000000080d00000, 0x0000000080d00000|100%| O|  |TAMS 0x0000000080d00000, 0x0000000080c00000| Untracked 
|  13|0x0000000080d00000, 0x0000000080e00000, 0x0000000080e00000|100%| O|  |TAMS 0x0000000080e00000, 0x0000000080d00000| Untracked 
|  14|0x0000000080e00000, 0x0000000080f00000, 0x0000000080f00000|100%| O|  |TAMS 0x0000000080f00000, 0x0000000080e00000| Untracked 
|  15|0x0000000080f00000, 0x0000000081000000, 0x0000000081000000|100%| O|  |TAMS 0x0000000081000000, 0x0000000080f00000| Untracked 
|  16|0x0000000081000000, 0x0000000081100000, 0x0000000081100000|100%| O|  |TAMS 0x0000000081100000, 0x0000000081000000| Untracked 
|  17|0x0000000081100000, 0x0000000081200000, 0x0000000081200000|100%| O|  |TAMS 0x0000000081200000, 0x0000000081100000| Untracked 
|  18|0x0000000081200000, 0x0000000081300000, 0x0000000081300000|100%| O|  |TAMS 0x00000000812db200, 0x0000000081200000| Untracked 
|  19|0x0000000081300000, 0x0000000081400000, 0x0000000081400000|100%| O|  |TAMS 0x0000000081300000, 0x0000000081300000| Untracked 
|  20|0x0000000081400000, 0x0000000081500000, 0x0000000081500000|100%| O|  |TAMS 0x0000000081400000, 0x0000000081400000| Untracked 
|  21|0x0000000081500000, 0x00000000815ef000, 0x0000000081600000| 93%| O|  |TAMS 0x0000000081500000, 0x0000000081500000| Untracked 
|  22|0x0000000081600000, 0x0000000081600000, 0x0000000081700000|  0%| F|  |TAMS 0x0000000081600000, 0x0000000081600000| Untracked 
|  23|0x0000000081700000, 0x0000000081700000, 0x0000000081800000|  0%| F|  |TAMS 0x0000000081700000, 0x0000000081700000| Untracked 
|  24|0x0000000081800000, 0x0000000081800000, 0x0000000081900000|  0%| F|  |TAMS 0x0000000081800000, 0x0000000081800000| Untracked 
|  25|0x0000000081900000, 0x0000000081900000, 0x0000000081a00000|  0%| F|  |TAMS 0x0000000081900000, 0x0000000081900000| Untracked 
|  26|0x0000000081a00000, 0x0000000081a00000, 0x0000000081b00000|  0%| F|  |TAMS 0x0000000081a00000, 0x0000000081a00000| Untracked 
|  27|0x0000000081b00000, 0x0000000081b00000, 0x0000000081c00000|  0%| F|  |TAMS 0x0000000081b00000, 0x0000000081b00000| Untracked 
|  28|0x0000000081c00000, 0x0000000081c00000, 0x0000000081d00000|  0%| F|  |TAMS 0x0000000081c00000, 0x0000000081c00000| Untracked 
|  29|0x0000000081d00000, 0x0000000081d00000, 0x0000000081e00000|  0%| F|  |TAMS 0x0000000081d00000, 0x0000000081d00000| Untracked 
|  30|0x0000000081e00000, 0x0000000081e00000, 0x0000000081f00000|  0%| F|  |TAMS 0x0000000081e00000, 0x0000000081e00000| Untracked 
|  31|0x0000000081f00000, 0x0000000081f00000, 0x0000000082000000|  0%| F|  |TAMS 0x0000000081f00000, 0x0000000081f00000| Untracked 
|  32|0x0000000082000000, 0x0000000082100000, 0x0000000082100000|100%| S|CS|TAMS 0x0000000082000000, 0x0000000082000000| Complete 
|  33|0x0000000082100000, 0x0000000082200000, 0x0000000082200000|100%| S|CS|TAMS 0x0000000082100000, 0x0000000082100000| Complete 
|  34|0x0000000082200000, 0x0000000082300000, 0x0000000082300000|100%| S|CS|TAMS 0x0000000082200000, 0x0000000082200000| Complete 
|  35|0x0000000082300000, 0x0000000082400000, 0x0000000082400000|100%| S|CS|TAMS 0x0000000082300000, 0x0000000082300000| Complete 
|  36|0x0000000082400000, 0x0000000082400000, 0x0000000082500000|  0%| F|  |TAMS 0x0000000082400000, 0x0000000082400000| Untracked 
|  37|0x0000000082500000, 0x0000000082500000, 0x0000000082600000|  0%| F|  |TAMS 0x0000000082500000, 0x0000000082500000| Untracked 
|  38|0x0000000082600000, 0x0000000082600000, 0x0000000082700000|  0%| F|  |TAMS 0x0000000082600000, 0x0000000082600000| Untracked 
|  39|0x0000000082700000, 0x0000000082700000, 0x0000000082800000|  0%| F|  |TAMS 0x0000000082700000, 0x0000000082700000| Untracked 
|  40|0x0000000082800000, 0x0000000082800000, 0x0000000082900000|  0%| F|  |TAMS 0x0000000082800000, 0x0000000082800000| Untracked 
|  41|0x0000000082900000, 0x0000000082900000, 0x0000000082a00000|  0%| F|  |TAMS 0x0000000082900000, 0x0000000082900000| Untracked 
|  42|0x0000000082a00000, 0x0000000082a00000, 0x0000000082b00000|  0%| F|  |TAMS 0x0000000082a00000, 0x0000000082a00000| Untracked 
|  43|0x0000000082b00000, 0x0000000082b00000, 0x0000000082c00000|  0%| F|  |TAMS 0x0000000082b00000, 0x0000000082b00000| Untracked 
|  44|0x0000000082c00000, 0x0000000082c00000, 0x0000000082d00000|  0%| F|  |TAMS 0x0000000082c00000, 0x0000000082c00000| Untracked 
|  45|0x0000000082d00000, 0x0000000082d00000, 0x0000000082e00000|  0%| F|  |TAMS 0x0000000082d00000, 0x0000000082d00000| Untracked 
|  46|0x0000000082e00000, 0x0000000082e00000, 0x0000000082f00000|  0%| F|  |TAMS 0x0000000082e00000, 0x0000000082e00000| Untracked 
|  47|0x0000000082f00000, 0x0000000082f00000, 0x0000000083000000|  0%| F|  |TAMS 0x0000000082f00000, 0x0000000082f00000| Untracked 
|  48|0x0000000083000000, 0x0000000083000000, 0x0000000083100000|  0%| F|  |TAMS 0x0000000083000000, 0x0000000083000000| Untracked 
|  49|0x0000000083100000, 0x0000000083100000, 0x0000000083200000|  0%| F|  |TAMS 0x0000000083100000, 0x0000000083100000| Untracked 
|  50|0x0000000083200000, 0x0000000083200000, 0x0000000083300000|  0%| F|  |TAMS 0x0000000083200000, 0x0000000083200000| Untracked 
|  51|0x0000000083300000, 0x0000000083300000, 0x0000000083400000|  0%| F|  |TAMS 0x0000000083300000, 0x0000000083300000| Untracked 
|  52|0x0000000083400000, 0x0000000083400000, 0x0000000083500000|  0%| F|  |TAMS 0x0000000083400000, 0x0000000083400000| Untracked 
|  53|0x0000000083500000, 0x0000000083500000, 0x0000000083600000|  0%| F|  |TAMS 0x0000000083500000, 0x0000000083500000| Untracked 
|  54|0x0000000083600000, 0x0000000083600000, 0x0000000083700000|  0%| F|  |TAMS 0x0000000083600000, 0x0000000083600000| Untracked 
|  55|0x0000000083700000, 0x0000000083700000, 0x0000000083800000|  0%| F|  |TAMS 0x0000000083700000, 0x0000000083700000| Untracked 
|  56|0x0000000083800000, 0x0000000083800000, 0x0000000083900000|  0%| F|  |TAMS 0x0000000083800000, 0x0000000083800000| Untracked 
|  57|0x0000000083900000, 0x0000000083900000, 0x0000000083a00000|  0%| F|  |TAMS 0x0000000083900000, 0x0000000083900000| Untracked 
|  58|0x0000000083a00000, 0x0000000083ac66e0, 0x0000000083b00000| 77%| E|  |TAMS 0x0000000083a00000, 0x0000000083a00000| Complete 
|  59|0x0000000083b00000, 0x0000000083c00000, 0x0000000083c00000|100%| E|CS|TAMS 0x0000000083b00000, 0x0000000083b00000| Complete 
|  60|0x0000000083c00000, 0x0000000083d00000, 0x0000000083d00000|100%| E|CS|TAMS 0x0000000083c00000, 0x0000000083c00000| Complete 
|  61|0x0000000083d00000, 0x0000000083e00000, 0x0000000083e00000|100%| E|CS|TAMS 0x0000000083d00000, 0x0000000083d00000| Complete 

Card table byte_map: [0x0000025476420000,0x0000025476820000] _byte_map_base: 0x0000025476020000

Marking Bits (Prev, Next): (CMBitMap*) 0x0000025472fae8d0, (CMBitMap*) 0x0000025472fae910
 Prev Bits: [0x0000025476c20000, 0x0000025478c20000)
 Next Bits: [0x0000025478c20000, 0x000002547ac20000)

Polling page: 0x0000025470eb0000

Metaspace:

Usage:
  Non-class:     33.20 MB used.
      Class:      5.00 MB used.
       Both:     38.20 MB used.

Virtual space:
  Non-class space:       40.00 MB reserved,      33.38 MB ( 83%) committed,  5 nodes.
      Class space:      412.00 MB reserved,       5.12 MB (  1%) committed,  1 nodes.
             Both:      452.00 MB reserved,      38.50 MB (  9%) committed. 

Chunk freelists:
   Non-Class:  2.02 MB
       Class:  2.89 MB
        Both:  4.91 MB

MaxMetaspaceSize: 512.00 MB
CompressedClassSpaceSize: 412.00 MB
Initial GC threshold: 21.00 MB
Current GC threshold: 58.69 MB
CDS: off
MetaspaceReclaimPolicy: balanced
 - commit_granule_bytes: 65536.
 - commit_granule_words: 8192.
 - virtual_space_node_default_size: 1048576.
 - enlarge_chunks_in_place: 1.
 - new_chunks_are_fully_committed: 0.
 - uncommit_free_chunks: 1.
 - use_allocation_guard: 0.
 - handle_deallocations: 1.


Internal statistics:

num_allocs_failed_limit: 6.
num_arena_births: 258.
num_arena_deaths: 0.
num_vsnodes_births: 6.
num_vsnodes_deaths: 0.
num_space_committed: 616.
num_space_uncommitted: 0.
num_chunks_returned_to_freelist: 6.
num_chunks_taken_from_freelist: 1267.
num_chunk_merges: 3.
num_chunk_splits: 843.
num_chunks_enlarged: 634.
num_purges: 0.
num_inconsistent_stats: 0.

CodeHeap 'non-profiled nmethods': size=120064Kb used=2078Kb max_used=2078Kb free=117985Kb
 bounds [0x0000025407ac0000, 0x0000025407d30000, 0x000002540f000000]
CodeHeap 'profiled nmethods': size=120000Kb used=7199Kb max_used=7199Kb free=112800Kb
 bounds [0x0000025400000000, 0x0000025400710000, 0x0000025407530000]
CodeHeap 'non-nmethods': size=5696Kb used=1582Kb max_used=1612Kb free=4113Kb
 bounds [0x0000025407530000, 0x00000254077a0000, 0x0000025407ac0000]
 total_blobs=4119 nmethods=3468 adapters=563
 compilation: enabled
              stopped_count=0, restarted_count=0
 full_count=0

Compilation events (20 events):
Event: 57.033 Thread 0x000002547d032120 nmethod 3497 0x0000025407cc7210 code [0x0000025407cc73a0, 0x0000025407cc7478]
Event: 57.041 Thread 0x000002547d032120 3498   !   3       jdk.internal.loader.Resource::getBytes (244 bytes)
Event: 57.042 Thread 0x000002547d032120 nmethod 3498 0x00000254006ff390 code [0x00000254006ff680, 0x0000025400700aa8]
Event: 57.044 Thread 0x000002547d032120 3499       3       sun.nio.fs.WindowsPath::toWindowsPath (32 bytes)
Event: 57.044 Thread 0x000002547d032120 nmethod 3499 0x0000025400701390 code [0x0000025400701560, 0x0000025400701a18]
Event: 57.047 Thread 0x000002547d032120 3500   !   3       java.io.File::toPath (54 bytes)
Event: 57.048 Thread 0x000002547d032120 nmethod 3500 0x0000025400701b90 code [0x0000025400701d80, 0x0000025400702428]
Event: 57.048 Thread 0x000002547d032120 3501   !   3       java.lang.ClassLoader::loadClass (121 bytes)
Event: 57.049 Thread 0x000002547d032120 nmethod 3501 0x0000025400702690 code [0x0000025400702940, 0x0000025400703588]
Event: 57.053 Thread 0x000002547d032120 3502       3       java.lang.ClassLoader::getClassLoadingLock (35 bytes)
Event: 57.053 Thread 0x000002547d032120 nmethod 3502 0x0000025400703c10 code [0x0000025400703dc0, 0x00000254007040a8]
Event: 57.257 Thread 0x000002547d02f760 3503       4       java.net.URLClassLoader$1::<init> (15 bytes)
Event: 57.259 Thread 0x000002547d02f760 nmethod 3503 0x0000025407cc7510 code [0x0000025407cc7680, 0x0000025407cc78b8]
Event: 57.259 Thread 0x000002547d02f760 3504   !   4       java.net.URLClassLoader::findClass (47 bytes)
Event: 57.301 Thread 0x000002547d032120 3506   !   2       java.net.URLClassLoader$1::run (81 bytes)
Event: 57.302 Thread 0x000002547d032120 nmethod 3506 0x0000025400704210 code [0x00000254007044a0, 0x0000025400704cc8]
Event: 57.303 Thread 0x000002547d032120 3507   !   3       java.net.URLClassLoader::defineClass (224 bytes)
Event: 57.305 Thread 0x000002547d032120 nmethod 3507 0x0000025400705210 code [0x0000025400705620, 0x0000025400707218]
Event: 57.474 Thread 0x000002547d032120 3508       3       java.util.concurrent.locks.AbstractQueuedSynchronizer$Node::<init> (5 bytes)
Event: 57.474 Thread 0x000002547d032120 nmethod 3508 0x0000025400707c10 code [0x0000025400707da0, 0x0000025400707ef8]

GC Heap History (20 events):
Event: 5.748 GC heap before
{Heap before GC invocations=2 (full 0):
 garbage-first heap   total 63488K, used 16325K [0x0000000080000000, 0x0000000100000000)
  region size 1024K, 12 young (12288K), 1 survivors (1024K)
 Metaspace       used 10280K, committed 10496K, reserved 438272K
  class space    used 1060K, committed 1152K, reserved 421888K
}
Event: 5.755 GC heap after
{Heap after GC invocations=3 (full 0):
 garbage-first heap   total 63488K, used 9474K [0x0000000080000000, 0x0000000100000000)
  region size 1024K, 2 young (2048K), 2 survivors (2048K)
 Metaspace       used 10280K, committed 10496K, reserved 438272K
  class space    used 1060K, committed 1152K, reserved 421888K
}
Event: 11.280 GC heap before
{Heap before GC invocations=3 (full 0):
 garbage-first heap   total 63488K, used 22786K [0x0000000080000000, 0x0000000100000000)
  region size 1024K, 15 young (15360K), 2 survivors (2048K)
 Metaspace       used 11177K, committed 11392K, reserved 438272K
  class space    used 1162K, committed 1280K, reserved 421888K
}
Event: 11.289 GC heap after
{Heap after GC invocations=4 (full 0):
 garbage-first heap   total 63488K, used 9961K [0x0000000080000000, 0x0000000100000000)
  region size 1024K, 1 young (1024K), 1 survivors (1024K)
 Metaspace       used 11177K, committed 11392K, reserved 438272K
  class space    used 1162K, committed 1280K, reserved 421888K
}
Event: 33.009 GC heap before
{Heap before GC invocations=4 (full 0):
 garbage-first heap   total 63488K, used 43753K [0x0000000080000000, 0x0000000100000000)
  region size 1024K, 33 young (33792K), 1 survivors (1024K)
 Metaspace       used 16459K, committed 16768K, reserved 438272K
  class space    used 1881K, committed 2048K, reserved 421888K
}
Event: 33.025 GC heap after
{Heap after GC invocations=5 (full 0):
 garbage-first heap   total 63488K, used 16046K [0x0000000080000000, 0x0000000100000000)
  region size 1024K, 5 young (5120K), 5 survivors (5120K)
 Metaspace       used 16459K, committed 16768K, reserved 438272K
  class space    used 1881K, committed 2048K, reserved 421888K
}
Event: 37.325 GC heap before
{Heap before GC invocations=5 (full 0):
 garbage-first heap   total 63488K, used 36526K [0x0000000080000000, 0x0000000100000000)
  region size 1024K, 25 young (25600K), 5 survivors (5120K)
 Metaspace       used 21205K, committed 21376K, reserved 446464K
  class space    used 2568K, committed 2624K, reserved 421888K
}
Event: 37.339 GC heap after
{Heap after GC invocations=6 (full 0):
 garbage-first heap   total 63488K, used 17834K [0x0000000080000000, 0x0000000100000000)
  region size 1024K, 2 young (2048K), 2 survivors (2048K)
 Metaspace       used 21205K, committed 21376K, reserved 446464K
  class space    used 2568K, committed 2624K, reserved 421888K
}
Event: 37.374 GC heap before
{Heap before GC invocations=6 (full 0):
 garbage-first heap   total 63488K, used 17834K [0x0000000080000000, 0x0000000100000000)
  region size 1024K, 3 young (3072K), 2 survivors (2048K)
 Metaspace       used 21335K, committed 21504K, reserved 446464K
  class space    used 2592K, committed 2688K, reserved 421888K
}
Event: 37.381 GC heap after
{Heap after GC invocations=7 (full 0):
 garbage-first heap   total 63488K, used 18232K [0x0000000080000000, 0x0000000100000000)
  region size 1024K, 1 young (1024K), 1 survivors (1024K)
 Metaspace       used 21335K, committed 21504K, reserved 446464K
  class space    used 2592K, committed 2688K, reserved 421888K
}
Event: 43.748 GC heap before
{Heap before GC invocations=8 (full 0):
 garbage-first heap   total 63488K, used 41784K [0x0000000080000000, 0x0000000100000000)
  region size 1024K, 24 young (24576K), 1 survivors (1024K)
 Metaspace       used 25298K, committed 25600K, reserved 446464K
  class space    used 3274K, committed 3392K, reserved 421888K
}
Event: 43.753 GC heap after
{Heap after GC invocations=9 (full 0):
 garbage-first heap   total 63488K, used 19392K [0x0000000080000000, 0x0000000100000000)
  region size 1024K, 2 young (2048K), 2 survivors (2048K)
 Metaspace       used 25298K, committed 25600K, reserved 446464K
  class space    used 3274K, committed 3392K, reserved 421888K
}
Event: 47.652 GC heap before
{Heap before GC invocations=9 (full 0):
 garbage-first heap   total 63488K, used 43968K [0x0000000080000000, 0x0000000100000000)
  region size 1024K, 26 young (26624K), 2 survivors (2048K)
 Metaspace       used 29081K, committed 29440K, reserved 454656K
  class space    used 3893K, committed 4032K, reserved 421888K
}
Event: 47.659 GC heap after
{Heap after GC invocations=10 (full 0):
 garbage-first heap   total 63488K, used 20739K [0x0000000080000000, 0x0000000100000000)
  region size 1024K, 3 young (3072K), 3 survivors (3072K)
 Metaspace       used 29081K, committed 29440K, reserved 454656K
  class space    used 3893K, committed 4032K, reserved 421888K
}
Event: 50.794 GC heap before
{Heap before GC invocations=10 (full 0):
 garbage-first heap   total 63488K, used 45315K [0x0000000080000000, 0x0000000100000000)
  region size 1024K, 27 young (27648K), 3 survivors (3072K)
 Metaspace       used 32859K, committed 33152K, reserved 454656K
  class space    used 4477K, committed 4608K, reserved 421888K
}
Event: 50.806 GC heap after
{Heap after GC invocations=11 (full 0):
 garbage-first heap   total 63488K, used 21857K [0x0000000080000000, 0x0000000100000000)
  region size 1024K, 3 young (3072K), 3 survivors (3072K)
 Metaspace       used 32859K, committed 33152K, reserved 454656K
  class space    used 4477K, committed 4608K, reserved 421888K
}
Event: 52.738 GC heap before
{Heap before GC invocations=11 (full 0):
 garbage-first heap   total 63488K, used 30049K [0x0000000080000000, 0x0000000100000000)
  region size 1024K, 12 young (12288K), 3 survivors (3072K)
 Metaspace       used 35671K, committed 35968K, reserved 454656K
  class space    used 4706K, committed 4864K, reserved 421888K
}
Event: 52.748 GC heap after
{Heap after GC invocations=12 (full 0):
 garbage-first heap   total 63488K, used 23451K [0x0000000080000000, 0x0000000100000000)
  region size 1024K, 3 young (3072K), 3 survivors (3072K)
 Metaspace       used 35671K, committed 35968K, reserved 454656K
  class space    used 4706K, committed 4864K, reserved 421888K
}
Event: 56.289 GC heap before
{Heap before GC invocations=13 (full 0):
 garbage-first heap   total 63488K, used 45979K [0x0000000080000000, 0x0000000100000000)
  region size 1024K, 26 young (26624K), 3 survivors (3072K)
 Metaspace       used 38704K, committed 38976K, reserved 462848K
  class space    used 5070K, committed 5184K, reserved 421888K
}
Event: 56.303 GC heap after
{Heap after GC invocations=14 (full 0):
 garbage-first heap   total 63488K, used 26556K [0x0000000080000000, 0x0000000100000000)
  region size 1024K, 4 young (4096K), 4 survivors (4096K)
 Metaspace       used 38704K, committed 38976K, reserved 462848K
  class space    used 5070K, committed 5184K, reserved 421888K
}

Dll operation events (2 events):
Event: 0.015 Loaded shared library D:\Android\jbr\bin\java.dll
Event: 2.117 Loaded shared library D:\Android\jbr\bin\verify.dll

Deoptimization events (20 events):
Event: 55.176 Thread 0x000002547f6be750 Uncommon trap: trap_request=0xffffffc6 fr.pc=0x0000025407c5e2d4 relative=0x0000000000000294
Event: 55.176 Thread 0x000002547f6be750 Uncommon trap: reason=bimorphic_or_optimized_type_check action=maybe_recompile pc=0x0000025407c5e2d4 method=java.util.stream.MatchOps$1MatchSink.accept(Ljava/lang/Object;)V @ 12 c2
Event: 55.176 Thread 0x000002547f6be750 DEOPT PACKING pc=0x0000025407c5e2d4 sp=0x000000d0065f8c10
Event: 55.176 Thread 0x000002547f6be750 DEOPT UNPACKING pc=0x000002540758699d sp=0x000000d0065f8bb8 mode 2
Event: 55.176 Thread 0x000002547f6be750 Uncommon trap: trap_request=0xffffffc6 fr.pc=0x0000025407c5e2d4 relative=0x0000000000000294
Event: 55.176 Thread 0x000002547f6be750 Uncommon trap: reason=bimorphic_or_optimized_type_check action=maybe_recompile pc=0x0000025407c5e2d4 method=java.util.stream.MatchOps$1MatchSink.accept(Ljava/lang/Object;)V @ 12 c2
Event: 55.176 Thread 0x000002547f6be750 DEOPT PACKING pc=0x0000025407c5e2d4 sp=0x000000d0065f8c10
Event: 55.176 Thread 0x000002547f6be750 DEOPT UNPACKING pc=0x000002540758699d sp=0x000000d0065f8bb8 mode 2
Event: 55.193 Thread 0x000002547f6be750 Uncommon trap: trap_request=0xffffff45 fr.pc=0x0000025407baa180 relative=0x00000000000000e0
Event: 55.193 Thread 0x000002547f6be750 Uncommon trap: reason=unstable_if action=reinterpret pc=0x0000025407baa180 method=java.lang.ClassLoader.getClassLoadingLock(Ljava/lang/String;)Ljava/lang/Object; @ 6 c2
Event: 55.193 Thread 0x000002547f6be750 DEOPT PACKING pc=0x0000025407baa180 sp=0x000000d0065f9250
Event: 55.193 Thread 0x000002547f6be750 DEOPT UNPACKING pc=0x000002540758699d sp=0x000000d0065f91f0 mode 2
Event: 56.259 Thread 0x000002547f6be750 Uncommon trap: trap_request=0xffffffcc fr.pc=0x0000025407caf3a4 relative=0x0000000000002c44
Event: 56.259 Thread 0x000002547f6be750 Uncommon trap: reason=intrinsic_or_type_checked_inlining action=make_not_entrant pc=0x0000025407caf3a4 method=java.util.ArrayList$SubList.toArray([Ljava/lang/Object;)[Ljava/lang/Object; @ 58 c2
Event: 56.259 Thread 0x000002547f6be750 DEOPT PACKING pc=0x0000025407caf3a4 sp=0x000000d0065f8ed0
Event: 56.259 Thread 0x000002547f6be750 DEOPT UNPACKING pc=0x000002540758699d sp=0x000000d0065f8e50 mode 2
Event: 57.316 Thread 0x000002547f6be750 Uncommon trap: trap_request=0xffffff45 fr.pc=0x0000025407ca5898 relative=0x0000000000000098
Event: 57.316 Thread 0x000002547f6be750 Uncommon trap: reason=unstable_if action=reinterpret pc=0x0000025407ca5898 method=java.util.regex.Pattern$LastNode.match(Ljava/util/regex/Matcher;ILjava/lang/CharSequence;)Z @ 5 c2
Event: 57.316 Thread 0x000002547f6be750 DEOPT PACKING pc=0x0000025407ca5898 sp=0x000000d0065fa2e0
Event: 57.316 Thread 0x000002547f6be750 DEOPT UNPACKING pc=0x000002540758699d sp=0x000000d0065fa278 mode 2

Classes unloaded (0 events):
No events

Classes redefined (0 events):
No events

Internal exceptions (20 events):
Event: 48.579 Thread 0x000002547f6be750 Exception <a 'java/lang/NoSuchMethodError'{0x000000008365be58}: 'java.lang.Object java.lang.invoke.Invokers$Holder.linkToTargetMethod(java.lang.Object, java.lang.Object, java.lang.Object, java.lang.Object, java.lang.Object, java.lang.Object, java.lang.Object, java.lang.Object, java.lang.Object, java.lang.Object, java.lang.Object, java.lang.Object)'> (0x000000008365be58) 
thrown [s\src\hotspot\share\interpreter\linkResolver.cpp, line 771]
Event: 49.035 Thread 0x000002547f6be750 Exception <a 'java/lang/NoSuchMethodError'{0x000000008350d6c0}: 'java.lang.Object java.lang.invoke.DirectMethodHandle$Holder.invokeStaticInit(java.lang.Object, java.lang.Object, java.lang.Object, java.lang.Object)'> (0x000000008350d6c0) 
thrown [s\src\hotspot\share\interpreter\linkResolver.cpp, line 771]
Event: 49.780 Thread 0x000002547f6be750 Exception <a 'java/lang/NoSuchMethodError'{0x000000008307b5e8}: 'java.lang.Object java.lang.invoke.DirectMethodHandle$Holder.newInvokeSpecial(java.lang.Object, java.lang.Object, java.lang.Object, java.lang.Object, java.lang.Object, java.lang.Object, java.lang.Object, java.lang.Object)'> (0x000000008307b5e8) 
thrown [s\src\hotspot\share\interpreter\linkResolver.cpp, line 771]
Event: 49.780 Thread 0x000002547f6be750 Exception <a 'java/lang/NoSuchMethodError'{0x00000000830813c8}: 'java.lang.Object java.lang.invoke.Invokers$Holder.linkToTargetMethod(java.lang.Object, java.lang.Object, java.lang.Object, java.lang.Object, java.lang.Object, java.lang.Object, java.lang.Object, java.lang.Object)'> (0x00000000830813c8) 
thrown [s\src\hotspot\share\interpreter\linkResolver.cpp, line 771]
Event: 49.803 Thread 0x000002547f6be750 Exception <a 'java/lang/IncompatibleClassChangeError'{0x00000000830f1fe8}: Found class java.lang.Object, but interface was expected> (0x00000000830f1fe8) 
thrown [s\src\hotspot\share\interpreter\linkResolver.cpp, line 838]
Event: 51.510 Thread 0x000002547f6be750 Exception <a 'java/lang/NoSuchMethodError'{0x0000000083a99010}: 'void java.lang.invoke.DirectMethodHandle$Holder.invokeStaticInit(java.lang.Object, java.lang.Object, java.lang.Object)'> (0x0000000083a99010) 
thrown [s\src\hotspot\share\interpreter\linkResolver.cpp, line 771]
Event: 51.511 Thread 0x000002547f6be750 Exception <a 'java/lang/NoSuchMethodError'{0x0000000083aa0510}: 'void java.lang.invoke.DirectMethodHandle$Holder.invokeStaticInit(java.lang.Object, java.lang.Object, java.lang.Object, java.lang.Object)'> (0x0000000083aa0510) 
thrown [s\src\hotspot\share\interpreter\linkResolver.cpp, line 771]
Event: 51.517 Thread 0x000002547f6be750 Exception <a 'java/lang/NoSuchMethodError'{0x0000000083ac2ae0}: 'void java.lang.invoke.DirectMethodHandle$Holder.invokeStaticInit(java.lang.Object, java.lang.Object, java.lang.Object, java.lang.Object, java.lang.Object)'> (0x0000000083ac2ae0) 
thrown [s\src\hotspot\share\interpreter\linkResolver.cpp, line 771]
Event: 51.545 Thread 0x000002547f6be750 Exception <a 'java/lang/NoSuchMethodError'{0x000000008391ca60}: 'int java.lang.invoke.DirectMethodHandle$Holder.invokeStaticInit(java.lang.Object, java.lang.Object, java.lang.Object, java.lang.Object)'> (0x000000008391ca60) 
thrown [s\src\hotspot\share\interpreter\linkResolver.cpp, line 771]
Event: 53.409 Thread 0x000002547f6be750 Exception <a 'java/lang/ClassNotFoundException'{0x0000000083b184a0}: groovy/lang/ExpandoMetaClassBeanInfo> (0x0000000083b184a0) 
thrown [s\src\hotspot\share\classfile\systemDictionary.cpp, line 256]
Event: 53.411 Thread 0x000002547f6be750 Exception <a 'java/lang/ClassNotFoundException'{0x0000000083b2ed18}: groovy/lang/MetaClassImplBeanInfo> (0x0000000083b2ed18) 
thrown [s\src\hotspot\share\classfile\systemDictionary.cpp, line 256]
Event: 53.411 Thread 0x000002547f6be750 Exception <a 'java/lang/ClassNotFoundException'{0x0000000083b33cd0}: java/lang/ObjectBeanInfo> (0x0000000083b33cd0) 
thrown [s\src\hotspot\share\classfile\systemDictionary.cpp, line 256]
Event: 53.413 Thread 0x000002547f6be750 Exception <a 'java/lang/ClassNotFoundException'{0x0000000083b39340}: java/lang/ObjectCustomizer> (0x0000000083b39340) 
thrown [s\src\hotspot\share\classfile\systemDictionary.cpp, line 256]
Event: 53.515 Thread 0x000002547f6be750 Exception <a 'java/lang/IncompatibleClassChangeError'{0x0000000083b3dd68}: Found class java.lang.Object, but interface was expected> (0x0000000083b3dd68) 
thrown [s\src\hotspot\share\interpreter\linkResolver.cpp, line 838]
Event: 53.522 Thread 0x000002547f6be750 Exception <a 'java/lang/ClassNotFoundException'{0x0000000083b595a0}: groovy/lang/MetaClassImplCustomizer> (0x0000000083b595a0) 
thrown [s\src\hotspot\share\classfile\systemDictionary.cpp, line 256]
Event: 53.529 Thread 0x000002547f6be750 Exception <a 'java/lang/ClassNotFoundException'{0x0000000083ba9578}: groovy/lang/ExpandoMetaClassCustomizer> (0x0000000083ba9578) 
thrown [s\src\hotspot\share\classfile\systemDictionary.cpp, line 256]
Event: 57.025 Thread 0x000002547f6be750 Exception <a 'java/lang/ClassNotFoundException'{0x0000000083cd03d0}: org/gradle/internal/extensibility/DefaultExtraPropertiesExtensionBeanInfo> (0x0000000083cd03d0) 
thrown [s\src\hotspot\share\classfile\systemDictionary.cpp, line 256]
Event: 57.026 Thread 0x000002547f6be750 Exception <a 'java/lang/ClassNotFoundException'{0x0000000083ce6cd8}: groovy/lang/GroovyObjectSupportBeanInfo> (0x0000000083ce6cd8) 
thrown [s\src\hotspot\share\classfile\systemDictionary.cpp, line 256]
Event: 57.026 Thread 0x000002547f6be750 Exception <a 'java/lang/ClassNotFoundException'{0x0000000083cfd5f8}: groovy/lang/GroovyObjectSupportCustomizer> (0x0000000083cfd5f8) 
thrown [s\src\hotspot\share\classfile\systemDictionary.cpp, line 256]
Event: 57.030 Thread 0x000002547f6be750 Exception <a 'java/lang/ClassNotFoundException'{0x0000000083b163f0}: org/gradle/internal/extensibility/DefaultExtraPropertiesExtensionCustomizer> (0x0000000083b163f0) 
thrown [s\src\hotspot\share\classfile\systemDictionary.cpp, line 256]

VM Operations (20 events):
Event: 53.823 Executing VM operation: Cleanup
Event: 53.825 Executing VM operation: Cleanup done
Event: 54.035 Executing VM operation: HandshakeAllThreads
Event: 54.035 Executing VM operation: HandshakeAllThreads done
Event: 54.035 Executing VM operation: HandshakeAllThreads
Event: 54.035 Executing VM operation: HandshakeAllThreads done
Event: 54.060 Executing VM operation: HandshakeAllThreads
Event: 54.061 Executing VM operation: HandshakeAllThreads done
Event: 54.066 Executing VM operation: HandshakeAllThreads
Event: 54.066 Executing VM operation: HandshakeAllThreads done
Event: 55.064 Executing VM operation: Cleanup
Event: 55.178 Executing VM operation: Cleanup done
Event: 55.202 Executing VM operation: HandshakeAllThreads
Event: 55.202 Executing VM operation: HandshakeAllThreads done
Event: 56.223 Executing VM operation: Cleanup
Event: 56.259 Executing VM operation: Cleanup done
Event: 56.289 Executing VM operation: G1CollectForAllocation
Event: 56.303 Executing VM operation: G1CollectForAllocation done
Event: 57.317 Executing VM operation: Cleanup
Event: 57.319 Executing VM operation: Cleanup done

Events (20 events):
Event: 55.204 loading class jdk/internal/jrtfs/JrtDirectoryStream$1
Event: 55.204 loading class jdk/internal/jrtfs/JrtDirectoryStream$1 done
Event: 55.205 loading class java/util/function/BooleanSupplier
Event: 55.205 loading class java/util/function/BooleanSupplier done
Event: 55.207 loading class jdk/internal/jimage/ImageReader$Resource
Event: 55.207 loading class jdk/internal/jimage/ImageReader$Resource done
Event: 56.325 loading class java/util/WeakHashMap$KeyIterator
Event: 56.325 loading class java/util/WeakHashMap$HashIterator
Event: 56.325 loading class java/util/WeakHashMap$HashIterator done
Event: 56.325 loading class java/util/WeakHashMap$KeyIterator done
Event: 57.056 loading class java/io/StringReader
Event: 57.056 loading class java/io/StringReader done
Event: 57.308 loading class java/lang/StrictMath
Event: 57.308 loading class java/lang/StrictMath done
Event: 57.308 loading class java/math/MutableBigInteger
Event: 57.309 loading class java/math/MutableBigInteger done
Event: 57.330 loading class java/lang/invoke/SerializedLambda
Event: 57.330 loading class java/lang/invoke/SerializedLambda done
Event: 57.330 loading class java/lang/ProcessBuilder
Event: 57.330 loading class java/lang/ProcessBuilder done


Dynamic libraries:
0x00007ff6c5d20000 - 0x00007ff6c5d2a000 	D:\Android\jbr\bin\java.exe
0x00007ffa0fd50000 - 0x00007ffa0ff45000 	C:\WINDOWS\SYSTEM32\ntdll.dll
0x00007ffa0e960000 - 0x00007ffa0ea1e000 	C:\WINDOWS\System32\KERNEL32.DLL
0x00007ffa0d6c0000 - 0x00007ffa0d988000 	C:\WINDOWS\System32\KERNELBASE.dll
0x00007ffa0dc70000 - 0x00007ffa0dd70000 	C:\WINDOWS\System32\ucrtbase.dll
0x00007ffa06e30000 - 0x00007ffa06e47000 	D:\Android\jbr\bin\jli.dll
0x00007ffa0e700000 - 0x00007ffa0e8a1000 	C:\WINDOWS\System32\USER32.dll
0x00007ffa0daa0000 - 0x00007ffa0dac2000 	C:\WINDOWS\System32\win32u.dll
0x00007ffa0e6d0000 - 0x00007ffa0e6fb000 	C:\WINDOWS\System32\GDI32.dll
0x00007ffa0d990000 - 0x00007ffa0da9b000 	C:\WINDOWS\System32\gdi32full.dll
0x00007ffa0d620000 - 0x00007ffa0d6bd000 	C:\WINDOWS\System32\msvcp_win.dll
0x00007ffa06c70000 - 0x00007ffa06c8b000 	D:\Android\jbr\bin\VCRUNTIME140.dll
0x00007ff9f8a30000 - 0x00007ff9f8cca000 	C:\WINDOWS\WinSxS\amd64_microsoft.windows.common-controls_6595b64144ccf1df_6.0.19041.1110_none_60b5254171f9507e\COMCTL32.dll
0x00007ffa0e5b0000 - 0x00007ffa0e64e000 	C:\WINDOWS\System32\msvcrt.dll
0x00007ffa0def0000 - 0x00007ffa0df20000 	C:\WINDOWS\System32\IMM32.DLL
0x00007ffa0a2e0000 - 0x00007ffa0a2ec000 	D:\Android\jbr\bin\vcruntime140_1.dll
0x00007ff9d4c20000 - 0x00007ff9d4cad000 	D:\Android\jbr\bin\msvcp140.dll
0x00007ff9c0fb0000 - 0x00007ff9c1c1d000 	D:\Android\jbr\bin\server\jvm.dll
0x00007ffa0e2d0000 - 0x00007ffa0e37c000 	C:\WINDOWS\System32\ADVAPI32.dll
0x00007ffa0e460000 - 0x00007ffa0e4fb000 	C:\WINDOWS\System32\sechost.dll
0x00007ffa0eb00000 - 0x00007ffa0ec2a000 	C:\WINDOWS\System32\RPCRT4.dll
0x00007ff9fc320000 - 0x00007ff9fc329000 	C:\WINDOWS\SYSTEM32\WSOCK32.dll
0x00007ffa0ea20000 - 0x00007ffa0ea8b000 	C:\WINDOWS\System32\WS2_32.dll
0x00007ff9ec0a0000 - 0x00007ff9ec0c7000 	C:\WINDOWS\SYSTEM32\WINMM.dll
0x00007ffa06ae0000 - 0x00007ffa06aea000 	C:\WINDOWS\SYSTEM32\VERSION.dll
0x00007ffa0bd00000 - 0x00007ffa0bd12000 	C:\WINDOWS\SYSTEM32\kernel.appcore.dll
0x00007ffa06e20000 - 0x00007ffa06e2a000 	D:\Android\jbr\bin\jimage.dll
0x00007ffa0b9c0000 - 0x00007ffa0bba4000 	C:\WINDOWS\SYSTEM32\DBGHELP.DLL
0x00007ff9f4c00000 - 0x00007ff9f4c2c000 	C:\WINDOWS\SYSTEM32\dbgcore.DLL
0x00007ffa0dbe0000 - 0x00007ffa0dc63000 	C:\WINDOWS\System32\bcryptPrimitives.dll
0x00007ff9d8230000 - 0x00007ff9d8255000 	D:\Android\jbr\bin\java.dll
0x00007ff9e7db0000 - 0x00007ff9e7dc8000 	D:\Android\jbr\bin\zip.dll
0x00007ffa0ec40000 - 0x00007ffa0f37f000 	C:\WINDOWS\System32\SHELL32.dll
0x00007ffa0b160000 - 0x00007ffa0b8f0000 	C:\WINDOWS\SYSTEM32\windows.storage.dll
0x00007ffa0f380000 - 0x00007ffa0f6d5000 	C:\WINDOWS\System32\combase.dll
0x00007ffa0cdf0000 - 0x00007ffa0ce1e000 	C:\WINDOWS\SYSTEM32\Wldp.dll
0x00007ffa0e500000 - 0x00007ffa0e5ad000 	C:\WINDOWS\System32\SHCORE.dll
0x00007ffa0e270000 - 0x00007ffa0e2c5000 	C:\WINDOWS\System32\shlwapi.dll
0x00007ffa0d3b0000 - 0x00007ffa0d3cf000 	C:\WINDOWS\SYSTEM32\profapi.dll
0x00007ff9d67c0000 - 0x00007ff9d67d9000 	D:\Android\jbr\bin\net.dll
0x00007ff9fdf40000 - 0x00007ff9fe04c000 	C:\WINDOWS\SYSTEM32\WINHTTP.dll
0x00007ffa0cb00000 - 0x00007ffa0cb6a000 	C:\WINDOWS\system32\mswsock.dll
0x00007ff9d67a0000 - 0x00007ff9d67b6000 	D:\Android\jbr\bin\nio.dll
0x00007ffa077a0000 - 0x00007ffa077b0000 	D:\Android\jbr\bin\verify.dll
0x00007ff9d66b0000 - 0x00007ff9d66d7000 	C:\Users\Luiss\.gradle\native\e1d6ef7f7dcc3fd88c89a11ec53ec762bb8ba0a96d01ffa2cd45eb1d1d8dd5c5\windows-amd64\native-platform.dll
0x00007ff9d4e90000 - 0x00007ff9d4fd4000 	C:\Users\Luiss\.gradle\native\0d407fdbe67a94daf76414ababcb853783967236a71b16ec16e742cd7a986fd3\windows-amd64\native-platform-file-events.dll
0x00007ffa07780000 - 0x00007ffa07789000 	D:\Android\jbr\bin\management.dll
0x00007ff9f95d0000 - 0x00007ff9f95db000 	D:\Android\jbr\bin\management_ext.dll
0x00007ffa0ea90000 - 0x00007ffa0ea98000 	C:\WINDOWS\System32\PSAPI.DLL
0x00007ffa0cd20000 - 0x00007ffa0cd38000 	C:\WINDOWS\SYSTEM32\CRYPTSP.dll
0x00007ffa0c490000 - 0x00007ffa0c4c4000 	C:\WINDOWS\system32\rsaenh.dll
0x00007ffa0dd70000 - 0x00007ffa0dd97000 	C:\WINDOWS\System32\bcrypt.dll
0x00007ffa0d330000 - 0x00007ffa0d35e000 	C:\WINDOWS\SYSTEM32\USERENV.dll
0x00007ffa0cd40000 - 0x00007ffa0cd4c000 	C:\WINDOWS\SYSTEM32\CRYPTBASE.dll
0x00007ffa0c800000 - 0x00007ffa0c83b000 	C:\WINDOWS\SYSTEM32\IPHLPAPI.DLL
0x00007ffa0e0b0000 - 0x00007ffa0e0b8000 	C:\WINDOWS\System32\NSI.dll
0x00007ffa05220000 - 0x00007ffa05237000 	C:\WINDOWS\SYSTEM32\dhcpcsvc6.DLL
0x00007ffa05380000 - 0x00007ffa0539d000 	C:\WINDOWS\SYSTEM32\dhcpcsvc.DLL
0x00007ffa0c850000 - 0x00007ffa0c91b000 	C:\WINDOWS\SYSTEM32\DNSAPI.dll
0x00007ff9d6790000 - 0x00007ff9d6797000 	C:\WINDOWS\system32\wshunix.dll

dbghelp: loaded successfully - version: 4.0.5 - missing functions: none
symbol engine: initialized successfully - sym options: 0x614 - pdb path: .;D:\Android\jbr\bin;C:\WINDOWS\SYSTEM32;C:\WINDOWS\WinSxS\amd64_microsoft.windows.common-controls_6595b64144ccf1df_6.0.19041.1110_none_60b5254171f9507e;D:\Android\jbr\bin\server;C:\Users\Luiss\.gradle\native\e1d6ef7f7dcc3fd88c89a11ec53ec762bb8ba0a96d01ffa2cd45eb1d1d8dd5c5\windows-amd64;C:\Users\Luiss\.gradle\native\0d407fdbe67a94daf76414ababcb853783967236a71b16ec16e742cd7a986fd3\windows-amd64

VM Arguments:
jvm_args: -XX:MaxMetaspaceSize=512m --add-opens=java.base/java.util=ALL-UNNAMED --add-opens=java.base/java.lang=ALL-UNNAMED --add-opens=java.base/java.lang.invoke=ALL-UNNAMED --add-opens=java.base/java.util=ALL-UNNAMED --add-opens=java.prefs/java.util.prefs=ALL-UNNAMED --add-opens=java.prefs/java.util.prefs=ALL-UNNAMED --add-opens=java.base/java.nio.charset=ALL-UNNAMED --add-opens=java.base/java.net=ALL-UNNAMED --add-opens=java.base/java.util.concurrent.atomic=ALL-UNNAMED -Xmx2048m -Dfile.encoding=windows-1252 -Duser.country=MX -Duser.language=es -Duser.variant 
java_command: org.gradle.launcher.daemon.bootstrap.GradleDaemon 7.5.1
java_class_path (initial): C:\Users\Luiss\.gradle\wrapper\dists\gradle-7.5.1-all\1ehga6e77gqps5uk2kc5kf1vc\gradle-7.5.1\lib\gradle-launcher-7.5.1.jar
Launcher Type: SUN_STANDARD

[Global flags]
     intx CICompilerCount                          = 2                                         {product} {ergonomic}
   size_t CompressedClassSpaceSize                 = 432013312                                 {product} {ergonomic}
     uint ConcGCThreads                            = 1                                         {product} {ergonomic}
     uint G1ConcRefinementThreads                  = 2                                         {product} {ergonomic}
   size_t G1HeapRegionSize                         = 1048576                                   {product} {ergonomic}
    uintx GCDrainStackTargetSize                   = 64                                        {product} {ergonomic}
   size_t InitialHeapSize                          = 65011712                                  {product} {ergonomic}
   size_t MarkStackSize                            = 4194304                                   {product} {ergonomic}
   size_t MaxHeapSize                              = 2147483648                                {product} {command line}
   size_t MaxMetaspaceSize                         = 536870912                                 {product} {command line}
   size_t MaxNewSize                               = 1287651328                                {product} {ergonomic}
   size_t MinHeapDeltaBytes                        = 1048576                                   {product} {ergonomic}
   size_t MinHeapSize                              = 8388608                                   {product} {ergonomic}
    uintx NonNMethodCodeHeapSize                   = 5826188                                {pd product} {ergonomic}
    uintx NonProfiledCodeHeapSize                  = 122916026                              {pd product} {ergonomic}
    uintx ProfiledCodeHeapSize                     = 122916026                              {pd product} {ergonomic}
    uintx ReservedCodeCacheSize                    = 251658240                              {pd product} {ergonomic}
     bool SegmentedCodeCache                       = true                                      {product} {ergonomic}
   size_t SoftMaxHeapSize                          = 2147483648                             {manageable} {ergonomic}
     bool UseCompressedClassPointers               = true                           {product lp64_product} {ergonomic}
     bool UseCompressedOops                        = true                           {product lp64_product} {ergonomic}
     bool UseG1GC                                  = true                                      {product} {ergonomic}
     bool UseLargePagesIndividualAllocation        = false                                  {pd product} {ergonomic}

Logging:
Log output configuration:
 #0: stdout all=warning uptime,level,tags
 #1: stderr all=off uptime,level,tags

Environment Variables:
JAVA_HOME=D:/Android/jbr
CLASSPATH=C:\Proyectos\AlcanciaAppRN\android\\gradle\wrapper\gradle-wrapper.jar
PATH=C:\Proyectos\AlcanciaAppRN\android\node_modules\.bin;C:\Proyectos\AlcanciaAppRN\node_modules\.bin;C:\Proyectos\node_modules\.bin;C:\node_modules\.bin;C:\Program Files\nodejs;C:\Proyectos\AlcanciaAppRN\node_modules\.bin;C:\Proyectos\AlcanciaAppRN\node_modules\.bin;C:\Proyectos\node_modules\.bin;C:\node_modules\.bin;C:\Proyectos\AlcanciaAppRN\node_modules\npm\node_modules\@npmcli\run-script\lib\node-gyp-bin;C:\Proyectos\AlcanciaAppRN\node_modules\.bin;C:\Proyectos\node_modules\.bin;C:\node_modules\.bin;C:\Program Files\nodejs;C:\Proyectos\AlcanciaAppRN\node_modules\react-native\scripts\node_modules\.bin;C:\Proyectos\AlcanciaAppRN\node_modules\react-native\node_modules\.bin;C:\Proyectos\AlcanciaAppRN\node_modules\node_modules\.bin;C:\Proyectos\AlcanciaAppRN\node_modules\.bin;C:\Proyectos\node_modules\.bin;C:\node_modules\.bin;C:\Program Files\nodejs;C:\Proyectos\AlcanciaAppRN\node_modules\.bin;C:\Proyectos\AlcanciaAppRN\node_modules\.bin;C:\Proyectos\node_modules\.bin;C:\node_modules\.bin;C:\Users\Luiss\AppData\Roaming\npm\node_modules\npm\node_modules\@npmcli\run-script\lib\node-gyp-bin;C:\Oracle21c\dbhomeXE\bin;D:\Oracle21c\dbhomeXE\bin;D:\oracle\Oraclebasededatos\dbhomeXE\bin;C:\WINDOWS\system32;C:\WINDOWS;C:\WINDOWS\System32\Wbem;C:\WINDOWS\System32\WindowsPowerShell\v1.0\;C:\Program Files (x86)\Microsoft SQL Server\150\Tools\Binn\;C:\Program Files\Microsoft SQL Server\150\Tools\Binn\;C:\Program Files\Microsoft SQL Server\150\DTS\Binn\;C:\Program Files\Microsoft SQL Server\Client SDK\ODBC\170\Tools\Binn\;C:\WINDOWS\System32\OpenSSH\;C:\ProgramData\chocolatey\bin;D:\Git\cmd;C:\root\.local\share\JetBrains\PyCharm2021.3\Kunpeng-DevKit-IDE-hyper-tuner-plugin\log\ide.log;\root\.local\share\JetBrains\PyCharm2021.3\Kunpeng-DevKit-IDE-hyper-tuner-plugin\log\ide.log;file:\root\.local\share\JetBrains\PyCharm2021.3\Kunpeng-DevKit-IDE-hyper-tuner-plugin\log\ide.log;C:\Program Files\nodejs\;C:\xampp\php;C:\composer;C:\Users\Luiss\AppData\Local\Microsoft\WindowsApps;C:\Program
USERNAME=Luiss
LANG=en_US.UTF-8
OS=Windows_NT
PROCESSOR_IDENTIFIER=Intel64 Family 6 Model 122 Stepping 8, GenuineIntel
TMP=C:\Users\Luiss\AppData\Local\Temp
TEMP=C:\Users\Luiss\AppData\Local\Temp



---------------  S Y S T E M  ---------------

OS:
 Windows 10 , 64 bit Build 19041 (10.0.19041.1348)
OS uptime: 0 days 0:32 hours
Hyper-V role detected

CPU: total 2 (initial active 2) (2 cores per cpu, 1 threads per core) family 6 model 122 stepping 8 microcode 0xc, cx8, cmov, fxsr, mmx, 3dnowpref, sse, sse2, sse3, ssse3, sse4.1, sse4.2, popcnt, tsc, tscinvbit, aes, erms, clmul, sha, clflush, clflushopt, hv

Memory: 4k page, system-wide physical 3899M (358M free)
TotalPageFile size 6638M (AvailPageFile size 4M)
current process WorkingSet (physical memory assigned to process): 180M, peak: 181M
current process commit charge ("private bytes"): 206M, peak: 207M

vm_info: OpenJDK 64-Bit Server VM (17.0.6+0-b2043.56-9586694) for windows-amd64 JRE (17.0.6+0-b2043.56-9586694), built on Feb  9 2023 20:06:20 by "androidbuild" with MS VC++ 16.10 / 16.11 (VS2019)

END.
