#
# There is insufficient memory for the Java Runtime Environment to continue.
# Native memory allocation (mmap) failed to map 67108864 bytes for G1 virtual space
# Possible reasons:
#   The system is out of physical RAM or swap space
#   The process is running with CompressedOops enabled, and the Java Heap may be blocking the growth of the native heap
# Possible solutions:
#   Reduce memory load on the system
#   Increase physical memory or swap space
#   Check if swap backing store is full
#   Decrease Java heap size (-Xmx/-Xms)
#   Decrease number of Java threads
#   Decrease Java thread stack sizes (-Xss)
#   Set larger code cache with -XX:ReservedCodeCacheSize=
#   JVM is running with Unscaled Compressed Oops mode in which the Java heap is
#     placed in the first 4GB address space. The Java Heap base address is the
#     maximum limit for the native heap growth. Please use -XX:HeapBaseMinAddress
#     to set the Java Heap base and to place the Java Heap above 4GB virtual address.
# This output file may be truncated or incomplete.
#
#  Out of Memory Error (os_windows.cpp:3769), pid=6420, tid=12204
#
# JRE version:  (17.0.6) (build )
# Java VM: OpenJDK 64-Bit Server VM (17.0.6+0-b2043.56-9586694, mixed mode, sharing, tiered, compressed oops, compressed class ptrs, g1 gc, windows-amd64)
# No core dump will be written. Minidumps are not enabled by default on client versions of Windows
#

---------------  S U M M A R Y ------------

Command Line: -Xmx64m -Xms64m -Dorg.gradle.appname=gradlew org.gradle.wrapper.GradleWrapperMain app:installDebug -PreactNativeDevServerPort=8081

Host: Intel(R) Celeron(R) N4020 CPU @ 1.10GHz, 2 cores, 3G,  Windows 10 , 64 bit Build 19041 (10.0.19041.1348)
Time: Wed Jun 21 02:25:32 2023 Hora de verano central (México) elapsed time: 1.350661 seconds (0d 0h 0m 1s)

---------------  T H R E A D  ---------------

Current thread (0x0000019f49f0f630):  JavaThread "Unknown thread" [_thread_in_vm, id=12204, stack(0x000000134b800000,0x000000134b900000)]

Stack: [0x000000134b800000,0x000000134b900000]
Native frames: (J=compiled Java code, j=interpreted, Vv=VM code, C=native code)
V  [jvm.dll+0x683b4a]
V  [jvm.dll+0x842654]
V  [jvm.dll+0x843dfe]
V  [jvm.dll+0x844463]
V  [jvm.dll+0x249b75]
V  [jvm.dll+0x680a19]
V  [jvm.dll+0x674f0a]
V  [jvm.dll+0x309acb]
V  [jvm.dll+0x310f86]
V  [jvm.dll+0x3608ee]
V  [jvm.dll+0x360b1f]
V  [jvm.dll+0x2dfbf8]
V  [jvm.dll+0x2e0b64]
V  [jvm.dll+0x813f41]
V  [jvm.dll+0x36e6a1]
V  [jvm.dll+0x7f347c]
V  [jvm.dll+0x3f0e8f]
V  [jvm.dll+0x3f29d1]
C  [jli.dll+0x526b]
C  [ucrtbase.dll+0x21bb2]
C  [KERNEL32.DLL+0x17034]
C  [ntdll.dll+0x52651]


---------------  P R O C E S S  ---------------

Threads class SMR info:
_java_thread_list=0x00007ff81ba2c058, length=0, elements={
}

Java Threads: ( => current thread )

Other Threads:
  0x0000019f49f30a30 GCTaskThread "GC Thread#0" [stack: 0x000000134b900000,0x000000134ba00000] [id=9000]
  0x0000019f49f32170 ConcurrentGCThread "G1 Main Marker" [stack: 0x000000134ba00000,0x000000134bb00000] [id=1836]
  0x0000019f49f32b80 ConcurrentGCThread "G1 Conc#0" [stack: 0x000000134bb00000,0x000000134bc00000] [id=5200]

[error occurred during error reporting (printing all threads), id 0xc0000005, EXCEPTION_ACCESS_VIOLATION (0xc0000005) at pc=0x00007ff81b1e0797]

VM state: not at safepoint (not fully initialized)

VM Mutex/Monitor currently owned by a thread:  ([mutex/lock_event])
[0x0000019f49f09e40] Heap_lock - owner thread: 0x0000019f49f0f630

Heap address: 0x00000000fc000000, size: 64 MB, Compressed Oops mode: 32-bit

CDS archive(s) mapped at: [0x0000000000000000-0x0000000000000000-0x0000000000000000), size 0, SharedBaseAddress: 0x0000000800000000, ArchiveRelocationMode: 0.
Narrow klass base: 0x0000000000000000, Narrow klass shift: 0, Narrow klass range: 0x0

GC Precious Log:
<Empty>

Heap:
 garbage-first heap   total 0K, used 0K [0x00000000fc000000, 0x0000000100000000)
  region size 1024K, 0 young (0K), 0 survivors (0K)

[error occurred during error reporting (printing heap information), id 0xc0000005, EXCEPTION_ACCESS_VIOLATION (0xc0000005) at pc=0x00007ff81b5cd939]

GC Heap History (0 events):
No events

Dll operation events (1 events):
Event: 1.181 Loaded shared library D:\Android\jbr\bin\java.dll

Deoptimization events (0 events):
No events

Classes unloaded (0 events):
No events

Classes redefined (0 events):
No events

Internal exceptions (0 events):
No events

VM Operations (0 events):
No events

Events (0 events):
No events


Dynamic libraries:
0x00007ff710730000 - 0x00007ff71073a000 	D:\Android\jbr\bin\java.exe
0x00007ff84d7d0000 - 0x00007ff84d9c5000 	C:\WINDOWS\SYSTEM32\ntdll.dll
0x00007ff84b840000 - 0x00007ff84b8fe000 	C:\WINDOWS\System32\KERNEL32.DLL
0x00007ff84b080000 - 0x00007ff84b348000 	C:\WINDOWS\System32\KERNELBASE.dll
0x00007ff84af80000 - 0x00007ff84b080000 	C:\WINDOWS\System32\ucrtbase.dll
0x00007ff845390000 - 0x00007ff8453a7000 	D:\Android\jbr\bin\jli.dll
0x00007ff84d0f0000 - 0x00007ff84d291000 	C:\WINDOWS\System32\USER32.dll
0x00007ff84b7f0000 - 0x00007ff84b812000 	C:\WINDOWS\System32\win32u.dll
0x00007ff84ba90000 - 0x00007ff84babb000 	C:\WINDOWS\System32\GDI32.dll
0x00007ff84b380000 - 0x00007ff84b48b000 	C:\WINDOWS\System32\gdi32full.dll
0x00007ff84b6a0000 - 0x00007ff84b73d000 	C:\WINDOWS\System32\msvcp_win.dll
0x00007ff845370000 - 0x00007ff84538b000 	D:\Android\jbr\bin\VCRUNTIME140.dll
0x00007ff82e640000 - 0x00007ff82e8da000 	C:\WINDOWS\WinSxS\amd64_microsoft.windows.common-controls_6595b64144ccf1df_6.0.19041.1110_none_60b5254171f9507e\COMCTL32.dll
0x00007ff84bb70000 - 0x00007ff84bc0e000 	C:\WINDOWS\System32\msvcrt.dll
0x00007ff84c980000 - 0x00007ff84c9b0000 	C:\WINDOWS\System32\IMM32.DLL
0x00007ff845640000 - 0x00007ff84564c000 	D:\Android\jbr\bin\vcruntime140_1.dll
0x00007ff845290000 - 0x00007ff84531d000 	D:\Android\jbr\bin\msvcp140.dll
0x00007ff81aef0000 - 0x00007ff81bb5d000 	D:\Android\jbr\bin\server\jvm.dll
0x00007ff84bac0000 - 0x00007ff84bb6c000 	C:\WINDOWS\System32\ADVAPI32.dll
0x00007ff84d480000 - 0x00007ff84d51b000 	C:\WINDOWS\System32\sechost.dll
0x00007ff84b960000 - 0x00007ff84ba8a000 	C:\WINDOWS\System32\RPCRT4.dll
0x00007ff833190000 - 0x00007ff833199000 	C:\WINDOWS\SYSTEM32\WSOCK32.dll
0x00007ff84d5a0000 - 0x00007ff84d60b000 	C:\WINDOWS\System32\WS2_32.dll
0x00007ff831ef0000 - 0x00007ff831f17000 	C:\WINDOWS\SYSTEM32\WINMM.dll
0x00007ff8440e0000 - 0x00007ff8440ea000 	C:\WINDOWS\SYSTEM32\VERSION.dll
0x00007ff8499a0000 - 0x00007ff8499b2000 	C:\WINDOWS\SYSTEM32\kernel.appcore.dll
0x00007ff8454a0000 - 0x00007ff8454aa000 	D:\Android\jbr\bin\jimage.dll
0x00007ff849440000 - 0x00007ff849624000 	C:\WINDOWS\SYSTEM32\DBGHELP.DLL
0x00007ff83a810000 - 0x00007ff83a83c000 	C:\WINDOWS\SYSTEM32\dbgcore.DLL
0x00007ff84aef0000 - 0x00007ff84af73000 	C:\WINDOWS\System32\bcryptPrimitives.dll
0x00007ff845340000 - 0x00007ff845365000 	D:\Android\jbr\bin\java.dll

dbghelp: loaded successfully - version: 4.0.5 - missing functions: none
symbol engine: initialized successfully - sym options: 0x614 - pdb path: .;D:\Android\jbr\bin;C:\WINDOWS\SYSTEM32;C:\WINDOWS\WinSxS\amd64_microsoft.windows.common-controls_6595b64144ccf1df_6.0.19041.1110_none_60b5254171f9507e;D:\Android\jbr\bin\server

VM Arguments:
jvm_args: -Xmx64m -Xms64m -Dorg.gradle.appname=gradlew 
java_command: org.gradle.wrapper.GradleWrapperMain app:installDebug -PreactNativeDevServerPort=8081
java_class_path (initial): C:\Proyectos\AlcanciaAppRN\android\\gradle\wrapper\gradle-wrapper.jar
Launcher Type: SUN_STANDARD

[Global flags]
     intx CICompilerCount                          = 2                                         {product} {ergonomic}
     uint ConcGCThreads                            = 1                                         {product} {ergonomic}
     uint G1ConcRefinementThreads                  = 2                                         {product} {ergonomic}
   size_t G1HeapRegionSize                         = 1048576                                   {product} {ergonomic}
    uintx GCDrainStackTargetSize                   = 64                                        {product} {ergonomic}
   size_t InitialHeapSize                          = 67108864                                  {product} {command line}
   size_t MarkStackSize                            = 4194304                                   {product} {ergonomic}
   size_t MaxHeapSize                              = 67108864                                  {product} {command line}
   size_t MinHeapDeltaBytes                        = 1048576                                   {product} {ergonomic}
   size_t MinHeapSize                              = 67108864                                  {product} {command line}
    uintx NonNMethodCodeHeapSize                   = 5826188                                {pd product} {ergonomic}
    uintx NonProfiledCodeHeapSize                  = 122916026                              {pd product} {ergonomic}
    uintx ProfiledCodeHeapSize                     = 122916026                              {pd product} {ergonomic}
    uintx ReservedCodeCacheSize                    = 251658240                              {pd product} {ergonomic}
     bool SegmentedCodeCache                       = true                                      {product} {ergonomic}
   size_t SoftMaxHeapSize                          = 67108864                               {manageable} {ergonomic}
     bool UseCompressedClassPointers               = true                           {product lp64_product} {ergonomic}
     bool UseCompressedOops                        = true                           {product lp64_product} {ergonomic}
     bool UseG1GC                                  = true                                      {product} {ergonomic}
     bool UseLargePagesIndividualAllocation        = false                                  {pd product} {ergonomic}

Logging:
Log output configuration:
 #0: stdout all=warning uptime,level,tags
 #1: stderr all=off uptime,level,tags

Environment Variables:
JAVA_HOME=D:/Android/jbr
CLASSPATH=C:\Proyectos\AlcanciaAppRN\android\\gradle\wrapper\gradle-wrapper.jar
PATH=C:\Proyectos\AlcanciaAppRN\android\node_modules\.bin;C:\Proyectos\AlcanciaAppRN\node_modules\.bin;C:\Proyectos\node_modules\.bin;C:\node_modules\.bin;C:\Program Files\nodejs;C:\Proyectos\AlcanciaAppRN\node_modules\.bin;C:\Proyectos\AlcanciaAppRN\node_modules\.bin;C:\Proyectos\node_modules\.bin;C:\node_modules\.bin;C:\Proyectos\AlcanciaAppRN\node_modules\npm\node_modules\@npmcli\run-script\lib\node-gyp-bin;C:\Proyectos\AlcanciaAppRN\node_modules\.bin;C:\Proyectos\node_modules\.bin;C:\node_modules\.bin;C:\Program Files\nodejs;C:\Proyectos\AlcanciaAppRN\node_modules\react-native\scripts\node_modules\.bin;C:\Proyectos\AlcanciaAppRN\node_modules\react-native\node_modules\.bin;C:\Proyectos\AlcanciaAppRN\node_modules\node_modules\.bin;C:\Proyectos\AlcanciaAppRN\node_modules\.bin;C:\Proyectos\node_modules\.bin;C:\node_modules\.bin;C:\Program Files\nodejs;C:\Proyectos\AlcanciaAppRN\node_modules\.bin;C:\Proyectos\AlcanciaAppRN\node_modules\.bin;C:\Proyectos\node_modules\.bin;C:\node_modules\.bin;C:\Users\Luiss\AppData\Roaming\npm\node_modules\npm\node_modules\@npmcli\run-script\lib\node-gyp-bin;C:\Oracle21c\dbhomeXE\bin;D:\Oracle21c\dbhomeXE\bin;D:\oracle\Oraclebasededatos\dbhomeXE\bin;C:\WINDOWS\system32;C:\WINDOWS;C:\WINDOWS\System32\Wbem;C:\WINDOWS\System32\WindowsPowerShell\v1.0\;C:\Program Files (x86)\Microsoft SQL Server\150\Tools\Binn\;C:\Program Files\Microsoft SQL Server\150\Tools\Binn\;C:\Program Files\Microsoft SQL Server\150\DTS\Binn\;C:\Program Files\Microsoft SQL Server\Client SDK\ODBC\170\Tools\Binn\;C:\WINDOWS\System32\OpenSSH\;C:\ProgramData\chocolatey\bin;D:\Git\cmd;C:\root\.local\share\JetBrains\PyCharm2021.3\Kunpeng-DevKit-IDE-hyper-tuner-plugin\log\ide.log;\root\.local\share\JetBrains\PyCharm2021.3\Kunpeng-DevKit-IDE-hyper-tuner-plugin\log\ide.log;file:\root\.local\share\JetBrains\PyCharm2021.3\Kunpeng-DevKit-IDE-hyper-tuner-plugin\log\ide.log;C:\Program Files\nodejs\;C:\xampp\php;C:\composer;C:\Users\Luiss\AppData\Local\Microsoft\WindowsApps;C:\Program
USERNAME=Luiss
LANG=en_US.UTF-8
OS=Windows_NT
PROCESSOR_IDENTIFIER=Intel64 Family 6 Model 122 Stepping 8, GenuineIntel
TMP=C:\Users\Luiss\AppData\Local\Temp
TEMP=C:\Users\Luiss\AppData\Local\Temp



---------------  S Y S T E M  ---------------

OS:
 Windows 10 , 64 bit Build 19041 (10.0.19041.1348)
OS uptime: 0 days 3:09 hours
Hyper-V role detected

CPU: total 2 (initial active 2) (2 cores per cpu, 1 threads per core) family 6 model 122 stepping 8 microcode 0xc, cx8, cmov, fxsr, mmx, 3dnowpref, sse, sse2, sse3, ssse3, sse4.1, sse4.2, popcnt, tsc, tscinvbit, aes, erms, clmul, sha, clflush, clflushopt, hv

Memory: 4k page, system-wide physical 3899M (282M free)
TotalPageFile size 6882M (AvailPageFile size 39M)
current process WorkingSet (physical memory assigned to process): 9M, peak: 9M
current process commit charge ("private bytes"): 47M, peak: 111M

vm_info: OpenJDK 64-Bit Server VM (17.0.6+0-b2043.56-9586694) for windows-amd64 JRE (17.0.6+0-b2043.56-9586694), built on Feb  9 2023 20:06:20 by "androidbuild" with MS VC++ 16.10 / 16.11 (VS2019)

END.
